2017/07/26 16:06:46,523 [INFO ] jp.co.kke.Lockstatedemo.util.GoogleApiUtil.doApiRequest(GoogleApiUtil.java:338) doApiRequest:GET:https://www.googleapis.com/calendar/v3/calendars/miyake%40kke.co.jp/events?singleEvents=true&orderBy=startTime&timeZone=Asia%2FTokyo
2017/07/26 16:08:35,444 [INFO ] jp.co.kke.Lockstatedemo.util.GoogleApiUtil.createCalendarChannelJson(GoogleApiUtil.java:198) json:{"id":"8db6eb9e-52cd-4854-aec6-3111c2469634","type":"web_hook","address":"https://www.ever-relief.jp/LockstateDemo/api/pushgooglecalendar"}
2017/07/26 16:08:35,447 [INFO ] jp.co.kke.Lockstatedemo.util.GoogleApiUtil.doApiRequest(GoogleApiUtil.java:338) doApiRequest:POST:https://www.googleapis.com/calendar/v3/calendars/miyake%40kke.co.jp/events/watch
2017/07/26 16:08:36,129 [ERROR] jp.co.kke.Lockstatedemo.util.GoogleApiUtil.doApiRequest(GoogleApiUtil.java:369) error doApiRequest:
{
 "error": {
  "errors": [
   {
    "domain": "global",
    "reason": "authError",
    "message": "Invalid Credentials",
    "locationType": "header",
    "location": "Authorization"
   }
  ],
  "code": 401,
  "message": "Invalid Credentials"
 }
}

2017/07/26 16:09:39,160 [INFO ] jp.co.kke.Lockstatedemo.util.GoogleApiUtil.createCalendarChannelJson(GoogleApiUtil.java:198) json:{"id":"eb940c48-9867-43ab-a113-3f2b5d0dc2e1","type":"web_hook","address":"https://www.ever-relief.jp/LockstateDemo/api/pushgooglecalendar"}
2017/07/26 16:09:39,163 [INFO ] jp.co.kke.Lockstatedemo.util.GoogleApiUtil.doApiRequest(GoogleApiUtil.java:339) doApiRequest:POST:https://www.googleapis.com/calendar/v3/calendars/miyake%40kke.co.jp/events/watch
2017/07/26 16:09:39,849 [ERROR] jp.co.kke.Lockstatedemo.util.GoogleApiUtil.doApiRequest(GoogleApiUtil.java:370) error doApiRequest:
{
 "error": {
  "errors": [
   {
    "domain": "global",
    "reason": "authError",
    "message": "Invalid Credentials",
    "locationType": "header",
    "location": "Authorization"
   }
  ],
  "code": 401,
  "message": "Invalid Credentials"
 }
}

2017/07/26 16:10:27,753 [INFO ] jp.co.kke.Lockstatedemo.util.GoogleApiUtil.createCalendarChannelJson(GoogleApiUtil.java:198) json:{"id":"3a87b267-5f25-4a19-b323-8e225bca30a4","type":"web_hook","address":"https://www.ever-relief.jp/LockstateDemo/api/pushgooglecalendar"}
2017/07/26 16:10:27,756 [INFO ] jp.co.kke.Lockstatedemo.util.GoogleApiUtil.doApiRequest(GoogleApiUtil.java:339) doApiRequest:POST:https://www.googleapis.com/calendar/v3/calendars/miyake%40kke.co.jp/events/watch
2017/07/26 16:10:28,446 [ERROR] jp.co.kke.Lockstatedemo.util.GoogleApiUtil.doApiRequest(GoogleApiUtil.java:370) error doApiRequest:
{
 "error": {
  "errors": [
   {
    "domain": "global",
    "reason": "authError",
    "message": "Invalid Credentials",
    "locationType": "header",
    "location": "Authorization"
   }
  ],
  "code": 401,
  "message": "Invalid Credentials"
 }
}

2017/07/26 16:10:35,264 [INFO ] jp.co.kke.Lockstatedemo.util.GoogleApiUtil.getCalendarEventListJson(GoogleApiUtil.java:211) url:https://www.googleapis.com/calendar/v3/calendars/miyake%40kke.co.jp/events?singleEvents=true&updatedMin=2017-07-26T06%3A10%3A35.206Z&orderBy=startTime&timeZone=Asia%2FTokyo
2017/07/26 16:10:35,266 [INFO ] jp.co.kke.Lockstatedemo.util.GoogleApiUtil.doApiRequest(GoogleApiUtil.java:339) doApiRequest:GET:https://www.googleapis.com/calendar/v3/calendars/miyake%40kke.co.jp/events?singleEvents=true&updatedMin=2017-07-26T06%3A10%3A35.206Z&orderBy=startTime&timeZone=Asia%2FTokyo
2017/07/26 16:11:14,864 [INFO ] jp.co.kke.Lockstatedemo.util.GoogleApiUtil.createCalendarChannelJson(GoogleApiUtil.java:198) json:{"id":"b9a58004-987c-44d3-839d-56a402348995","type":"web_hook","address":"https://www.ever-relief.jp/LockstateDemo/api/pushgooglecalendar"}
2017/07/26 16:11:14,866 [INFO ] jp.co.kke.Lockstatedemo.util.GoogleApiUtil.doApiRequest(GoogleApiUtil.java:339) doApiRequest:POST:https://www.googleapis.com/calendar/v3/calendars/miyake%40kke.co.jp/events/watch
2017/07/26 16:11:15,516 [ERROR] jp.co.kke.Lockstatedemo.util.GoogleApiUtil.doApiRequest(GoogleApiUtil.java:370) error doApiRequest:
{
 "error": {
  "errors": [
   {
    "domain": "global",
    "reason": "authError",
    "message": "Invalid Credentials",
    "locationType": "header",
    "location": "Authorization"
   }
  ],
  "code": 401,
  "message": "Invalid Credentials"
 }
}

2017/07/26 16:11:19,546 [INFO ] jp.co.kke.Lockstatedemo.util.GoogleApiUtil.getCalendarEventListJson(GoogleApiUtil.java:211) url:https://www.googleapis.com/calendar/v3/calendars/miyake%40kke.co.jp/events?singleEvents=true&updatedMin=2017-07-26T06%3A11%3A19.488Z&orderBy=startTime&timeZone=Asia%2FTokyo
2017/07/26 16:11:19,548 [INFO ] jp.co.kke.Lockstatedemo.util.GoogleApiUtil.doApiRequest(GoogleApiUtil.java:339) doApiRequest:GET:https://www.googleapis.com/calendar/v3/calendars/miyake%40kke.co.jp/events?singleEvents=true&updatedMin=2017-07-26T06%3A11%3A19.488Z&orderBy=startTime&timeZone=Asia%2FTokyo
2017/07/26 16:16:25,266 [INFO ] jp.co.kke.Lockstatedemo.util.GoogleApiUtil.getCalendarEventListJson(GoogleApiUtil.java:211) url:https://www.googleapis.com/calendar/v3/calendars/miyake%40kke.co.jp/events?singleEvents=true&updatedMin=2017-07-26T06%3A16%3A25.207Z&orderBy=startTime&timeZone=Asia%2FTokyo
2017/07/26 16:16:25,268 [INFO ] jp.co.kke.Lockstatedemo.util.GoogleApiUtil.doApiRequest(GoogleApiUtil.java:339) doApiRequest:GET:https://www.googleapis.com/calendar/v3/calendars/miyake%40kke.co.jp/events?singleEvents=true&updatedMin=2017-07-26T06%3A16%3A25.207Z&orderBy=startTime&timeZone=Asia%2FTokyo
2017/07/26 16:17:15,667 [INFO ] jp.co.kke.Lockstatedemo.util.GoogleApiUtil.getCalendarEventListJson(GoogleApiUtil.java:211) url:https://www.googleapis.com/calendar/v3/calendars/miyake%40kke.co.jp/events?singleEvents=true&updatedMin=2017-07-26T06%3A17%3A15.611Z&orderBy=startTime&timeZone=Asia%2FTokyo
2017/07/26 16:17:15,669 [INFO ] jp.co.kke.Lockstatedemo.util.GoogleApiUtil.doApiRequest(GoogleApiUtil.java:339) doApiRequest:GET:https://www.googleapis.com/calendar/v3/calendars/miyake%40kke.co.jp/events?singleEvents=true&updatedMin=2017-07-26T06%3A17%3A15.611Z&orderBy=startTime&timeZone=Asia%2FTokyo
2017/07/26 17:08:31,139 [INFO ] jp.co.kke.Lockstatedemo.util.GoogleApiUtil.getCalendarEventListJson(GoogleApiUtil.java:292) url:https://www.googleapis.com/calendar/v3/calendars/miyake%40kke.co.jp/events?singleEvents=true&updatedMin=2017-07-26T07%3A08%3A31.076Z&orderBy=startTime&timeZone=Asia%2FTokyo
2017/07/26 17:08:31,142 [INFO ] jp.co.kke.Lockstatedemo.util.GoogleApiUtil.doApiRequest(GoogleApiUtil.java:386) doApiRequest:GET:https://www.googleapis.com/calendar/v3/calendars/miyake%40kke.co.jp/events?singleEvents=true&updatedMin=2017-07-26T07%3A08%3A31.076Z&orderBy=startTime&timeZone=Asia%2FTokyo
2017/07/26 17:08:31,994 [ERROR] jp.co.kke.Lockstatedemo.util.GoogleApiUtil.doApiRequest(GoogleApiUtil.java:417) error doApiRequest:
{
 "error": {
  "errors": [
   {
    "domain": "global",
    "reason": "authError",
    "message": "Invalid Credentials",
    "locationType": "header",
    "location": "Authorization"
   }
  ],
  "code": 401,
  "message": "Invalid Credentials"
 }
}

2017/07/26 17:11:25,094 [INFO ] jp.co.kke.Lockstatedemo.util.GoogleApiUtil.getCalendarEventListJson(GoogleApiUtil.java:292) url:https://www.googleapis.com/calendar/v3/calendars/miyake%40kke.co.jp/events?singleEvents=true&updatedMin=2017-07-26T07%3A11%3A25.035Z&orderBy=startTime&timeZone=Asia%2FTokyo
2017/07/26 17:11:25,096 [INFO ] jp.co.kke.Lockstatedemo.util.GoogleApiUtil.doApiRequest(GoogleApiUtil.java:386) doApiRequest:GET:https://www.googleapis.com/calendar/v3/calendars/miyake%40kke.co.jp/events?singleEvents=true&updatedMin=2017-07-26T07%3A11%3A25.035Z&orderBy=startTime&timeZone=Asia%2FTokyo
2017/07/26 17:11:26,260 [INFO ] jp.co.kke.Lockstatedemo.util.GoogleApiUtil.getCalendarEventListJson(GoogleApiUtil.java:292) url:https://www.googleapis.com/calendar/v3/calendars/miyake%40kke.co.jp/events?singleEvents=true&updatedMin=2017-07-26T07%3A11%3A26.260Z&orderBy=startTime&timeZone=Asia%2FTokyo
2017/07/26 17:11:26,261 [INFO ] jp.co.kke.Lockstatedemo.util.GoogleApiUtil.doApiRequest(GoogleApiUtil.java:386) doApiRequest:GET:https://www.googleapis.com/calendar/v3/calendars/miyake%40kke.co.jp/events?singleEvents=true&updatedMin=2017-07-26T07%3A11%3A26.260Z&orderBy=startTime&timeZone=Asia%2FTokyo
2017/07/26 17:11:26,543 [INFO ] jp.co.kke.Lockstatedemo.util.GoogleApiUtil.getCalendarEventList(GoogleApiUtil.java:308) getCalendarEventList:{
 "kind": "calendar#events",
 "etag": "\"p338dh1dsmmjda0g\"",
 "summary": "miyake@kke.co.jp",
 "updated": "2017-07-26T07:24:43.346Z",
 "timeZone": "Asia/Tokyo",
 "accessRole": "owner",
 "defaultReminders": [
  {
   "method": "popup",
   "minutes": 10
  }
 ],
 "items": [
  {
   "kind": "calendar#event",
   "etag": "\"3002106862590000\"",
   "id": "7arndphfadb4gvfv82ucsb749c",
   "status": "confirmed",
   "htmlLink": "https://www.google.com/calendar/event?eid=N2FybmRwaGZhZGI0Z3ZmdjgydWNzYjc0OWMgbWl5YWtlQGtrZS5jby5qcA&ctz=Asia/Tokyo",
   "created": "2017-07-26T07:11:11.000Z",
   "updated": "2017-07-26T07:17:11.295Z",
   "summary": "tt",
   "creator": {
    "email": "miyake@kke.co.jp",
    "self": true
   },
   "organizer": {
    "email": "miyake@kke.co.jp",
    "self": true
   },
   "start": {
    "dateTime": "2017-07-26T16:00:00+09:00",
    "timeZone": "Asia/Tokyo"
   },
   "end": {
    "dateTime": "2017-07-26T17:00:00+09:00",
    "timeZone": "Asia/Tokyo"
   },
   "iCalUID": "7arndphfadb4gvfv82ucsb749c@google.com",
   "sequence": 0,
   "attendees": [
    {
     "email": "miyake@kke.co.jp",
     "organizer": true,
     "self": true,
     "responseStatus": "accepted"
    }
   ],
   "hangoutLink": "https://plus.google.com/hangouts/_/kke.co.jp/miyake?hceid=bWl5YWtlQGtrZS5jby5qcA.7arndphfadb4gvfv82ucsb749c",
   "reminders": {
    "useDefault": true
   }
  }
 ]
}

2017/07/26 17:14:09,824 [INFO ] jp.co.kke.Lockstatedemo.util.GoogleApiUtil.getCalendarEventListJson(GoogleApiUtil.java:292) url:https://www.googleapis.com/calendar/v3/calendars/miyake%40kke.co.jp/events?singleEvents=true&updatedMin=2017-07-26T07%3A14%3A09.767Z&orderBy=startTime&timeZone=Asia%2FTokyo
2017/07/26 17:14:09,826 [INFO ] jp.co.kke.Lockstatedemo.util.GoogleApiUtil.doApiRequest(GoogleApiUtil.java:386) doApiRequest:GET:https://www.googleapis.com/calendar/v3/calendars/miyake%40kke.co.jp/events?singleEvents=true&updatedMin=2017-07-26T07%3A14%3A09.767Z&orderBy=startTime&timeZone=Asia%2FTokyo
2017/07/26 17:14:11,291 [INFO ] jp.co.kke.Lockstatedemo.util.GoogleApiUtil.getCalendarEventListJson(GoogleApiUtil.java:292) url:https://www.googleapis.com/calendar/v3/calendars/miyake%40kke.co.jp/events?singleEvents=true&updatedMin=2017-07-26T07%3A14%3A11.290Z&orderBy=startTime&timeZone=Asia%2FTokyo
2017/07/26 17:14:11,291 [INFO ] jp.co.kke.Lockstatedemo.util.GoogleApiUtil.doApiRequest(GoogleApiUtil.java:386) doApiRequest:GET:https://www.googleapis.com/calendar/v3/calendars/miyake%40kke.co.jp/events?singleEvents=true&updatedMin=2017-07-26T07%3A14%3A11.290Z&orderBy=startTime&timeZone=Asia%2FTokyo
2017/07/26 17:14:11,627 [INFO ] jp.co.kke.Lockstatedemo.util.GoogleApiUtil.getCalendarEventList(GoogleApiUtil.java:308) getCalendarEventList:{
 "kind": "calendar#events",
 "etag": "\"p338dh1dsmmjda0g\"",
 "summary": "miyake@kke.co.jp",
 "updated": "2017-07-26T07:24:43.346Z",
 "timeZone": "Asia/Tokyo",
 "accessRole": "owner",
 "defaultReminders": [
  {
   "method": "popup",
   "minutes": 10
  }
 ],
 "items": [
  {
   "kind": "calendar#event",
   "etag": "\"3002106862590000\"",
   "id": "7arndphfadb4gvfv82ucsb749c",
   "status": "confirmed",
   "htmlLink": "https://www.google.com/calendar/event?eid=N2FybmRwaGZhZGI0Z3ZmdjgydWNzYjc0OWMgbWl5YWtlQGtrZS5jby5qcA&ctz=Asia/Tokyo",
   "created": "2017-07-26T07:11:11.000Z",
   "updated": "2017-07-26T07:17:11.295Z",
   "summary": "tt",
   "creator": {
    "email": "miyake@kke.co.jp",
    "self": true
   },
   "organizer": {
    "email": "miyake@kke.co.jp",
    "self": true
   },
   "start": {
    "dateTime": "2017-07-26T16:00:00+09:00",
    "timeZone": "Asia/Tokyo"
   },
   "end": {
    "dateTime": "2017-07-26T17:00:00+09:00",
    "timeZone": "Asia/Tokyo"
   },
   "iCalUID": "7arndphfadb4gvfv82ucsb749c@google.com",
   "sequence": 0,
   "attendees": [
    {
     "email": "miyake@kke.co.jp",
     "organizer": true,
     "self": true,
     "responseStatus": "accepted"
    }
   ],
   "hangoutLink": "https://plus.google.com/hangouts/_/kke.co.jp/miyake?hceid=bWl5YWtlQGtrZS5jby5qcA.7arndphfadb4gvfv82ucsb749c",
   "reminders": {
    "useDefault": true
   }
  }
 ]
}

2017/07/26 17:27:06,077 [INFO ] jp.co.kke.Lockstatedemo.util.GoogleApiUtil.getCalendarEventListJson(GoogleApiUtil.java:292) url:https://www.googleapis.com/calendar/v3/calendars/miyake%40kke.co.jp/events?singleEvents=true&updatedMin=2017-07-26T07%3A27%3A06.019Z&orderBy=startTime&timeZone=Asia%2FTokyo
2017/07/26 17:27:06,079 [INFO ] jp.co.kke.Lockstatedemo.util.GoogleApiUtil.doApiRequest(GoogleApiUtil.java:386) doApiRequest:GET:https://www.googleapis.com/calendar/v3/calendars/miyake%40kke.co.jp/events?singleEvents=true&updatedMin=2017-07-26T07%3A27%3A06.019Z&orderBy=startTime&timeZone=Asia%2FTokyo
2017/07/26 17:27:07,381 [INFO ] jp.co.kke.Lockstatedemo.util.GoogleApiUtil.getCalendarEventListJson(GoogleApiUtil.java:292) url:https://www.googleapis.com/calendar/v3/calendars/miyake%40kke.co.jp/events?singleEvents=true&updatedMin=2017-07-26T07%3A27%3A07.381Z&orderBy=startTime&timeZone=Asia%2FTokyo
2017/07/26 17:27:07,382 [INFO ] jp.co.kke.Lockstatedemo.util.GoogleApiUtil.doApiRequest(GoogleApiUtil.java:386) doApiRequest:GET:https://www.googleapis.com/calendar/v3/calendars/miyake%40kke.co.jp/events?singleEvents=true&updatedMin=2017-07-26T07%3A27%3A07.381Z&orderBy=startTime&timeZone=Asia%2FTokyo
2017/07/26 17:27:07,671 [INFO ] jp.co.kke.Lockstatedemo.util.GoogleApiUtil.getCalendarEventList(GoogleApiUtil.java:308) getCalendarEventList:{
 "kind": "calendar#events",
 "etag": "\"p338dh1dsmmjda0g\"",
 "summary": "miyake@kke.co.jp",
 "updated": "2017-07-26T07:24:43.346Z",
 "timeZone": "Asia/Tokyo",
 "accessRole": "owner",
 "defaultReminders": [
  {
   "method": "popup",
   "minutes": 10
  }
 ],
 "items": []
}

2017/07/26 17:27:58,309 [INFO ] jp.co.kke.Lockstatedemo.util.GoogleApiUtil.getCalendarEventListJson(GoogleApiUtil.java:292) url:https://www.googleapis.com/calendar/v3/calendars/miyake%40kke.co.jp/events?singleEvents=true&updatedMin=2017-07-26T07%3A27%3A58.249Z&orderBy=startTime&timeZone=Asia%2FTokyo
2017/07/26 17:27:58,311 [INFO ] jp.co.kke.Lockstatedemo.util.GoogleApiUtil.doApiRequest(GoogleApiUtil.java:386) doApiRequest:GET:https://www.googleapis.com/calendar/v3/calendars/miyake%40kke.co.jp/events?singleEvents=true&updatedMin=2017-07-26T07%3A27%3A58.249Z&orderBy=startTime&timeZone=Asia%2FTokyo
2017/07/26 17:27:59,532 [INFO ] jp.co.kke.Lockstatedemo.util.GoogleApiUtil.getCalendarEventListJson(GoogleApiUtil.java:292) url:https://www.googleapis.com/calendar/v3/calendars/miyake%40kke.co.jp/events?singleEvents=true&updatedMin=2017-07-26T07%3A27%3A59.532Z&orderBy=startTime&timeZone=Asia%2FTokyo
2017/07/26 17:27:59,532 [INFO ] jp.co.kke.Lockstatedemo.util.GoogleApiUtil.doApiRequest(GoogleApiUtil.java:386) doApiRequest:GET:https://www.googleapis.com/calendar/v3/calendars/miyake%40kke.co.jp/events?singleEvents=true&updatedMin=2017-07-26T07%3A27%3A59.532Z&orderBy=startTime&timeZone=Asia%2FTokyo
2017/07/26 17:27:59,961 [INFO ] jp.co.kke.Lockstatedemo.util.GoogleApiUtil.getCalendarEventList(GoogleApiUtil.java:308) getCalendarEventList:{
 "kind": "calendar#events",
 "etag": "\"p338dh1dsmmjda0g\"",
 "summary": "miyake@kke.co.jp",
 "updated": "2017-07-26T07:24:43.346Z",
 "timeZone": "Asia/Tokyo",
 "accessRole": "owner",
 "defaultReminders": [
  {
   "method": "popup",
   "minutes": 10
  }
 ],
 "items": []
}

2017/07/26 17:28:29,575 [INFO ] jp.co.kke.Lockstatedemo.util.GoogleApiUtil.getCalendarEventListJson(GoogleApiUtil.java:292) url:https://www.googleapis.com/calendar/v3/calendars/miyake%40kke.co.jp/events?singleEvents=true&updatedMin=2017-07-26T07%3A28%3A29.514Z&orderBy=startTime&timeZone=Asia%2FTokyo
2017/07/26 17:28:29,578 [INFO ] jp.co.kke.Lockstatedemo.util.GoogleApiUtil.doApiRequest(GoogleApiUtil.java:386) doApiRequest:GET:https://www.googleapis.com/calendar/v3/calendars/miyake%40kke.co.jp/events?singleEvents=true&updatedMin=2017-07-26T07%3A28%3A29.514Z&orderBy=startTime&timeZone=Asia%2FTokyo
2017/07/26 17:28:30,967 [INFO ] jp.co.kke.Lockstatedemo.util.GoogleApiUtil.getCalendarEventListJson(GoogleApiUtil.java:292) url:https://www.googleapis.com/calendar/v3/calendars/miyake%40kke.co.jp/events?singleEvents=true&updatedMin=2017-07-26T07%3A28%3A30.967Z&orderBy=startTime&timeZone=Asia%2FTokyo
2017/07/26 17:28:30,968 [INFO ] jp.co.kke.Lockstatedemo.util.GoogleApiUtil.doApiRequest(GoogleApiUtil.java:386) doApiRequest:GET:https://www.googleapis.com/calendar/v3/calendars/miyake%40kke.co.jp/events?singleEvents=true&updatedMin=2017-07-26T07%3A28%3A30.967Z&orderBy=startTime&timeZone=Asia%2FTokyo
2017/07/26 17:28:31,343 [INFO ] jp.co.kke.Lockstatedemo.util.GoogleApiUtil.getCalendarEventList(GoogleApiUtil.java:308) getCalendarEventList:{
 "kind": "calendar#events",
 "etag": "\"p33cbh66poejda0g\"",
 "summary": "miyake@kke.co.jp",
 "updated": "2017-07-26T08:28:22.567Z",
 "timeZone": "Asia/Tokyo",
 "accessRole": "owner",
 "defaultReminders": [
  {
   "method": "popup",
   "minutes": 10
  }
 ],
 "items": [
  {
   "kind": "calendar#event",
   "etag": "\"3002115404784000\"",
   "id": "7arndphfadb4gvfv82ucsb749c",
   "status": "confirmed",
   "htmlLink": "https://www.google.com/calendar/event?eid=N2FybmRwaGZhZGI0Z3ZmdjgydWNzYjc0OWMgbWl5YWtlQGtrZS5jby5qcA&ctz=Asia/Tokyo",
   "created": "2017-07-26T07:11:11.000Z",
   "updated": "2017-07-26T08:28:22.392Z",
   "summary": "ttt",
   "creator": {
    "email": "miyake@kke.co.jp",
    "self": true
   },
   "organizer": {
    "email": "miyake@kke.co.jp",
    "self": true
   },
   "start": {
    "dateTime": "2017-07-26T16:00:00+09:00",
    "timeZone": "Asia/Tokyo"
   },
   "end": {
    "dateTime": "2017-07-26T17:00:00+09:00",
    "timeZone": "Asia/Tokyo"
   },
   "iCalUID": "7arndphfadb4gvfv82ucsb749c@google.com",
   "sequence": 0,
   "attendees": [
    {
     "email": "miyake@kke.co.jp",
     "organizer": true,
     "self": true,
     "responseStatus": "accepted"
    }
   ],
   "hangoutLink": "https://plus.google.com/hangouts/_/kke.co.jp/miyake?hceid=bWl5YWtlQGtrZS5jby5qcA.7arndphfadb4gvfv82ucsb749c",
   "reminders": {
    "useDefault": true
   }
  }
 ]
}

2017/07/26 17:33:15,062 [INFO ] jp.co.kke.Lockstatedemo.util.GoogleApiUtil.getCalendarEventListJson(GoogleApiUtil.java:292) url:https://www.googleapis.com/calendar/v3/calendars/kke.co.jp_2d3337313238383832353636%40resource.calendar.google.com/events?singleEvents=true&updatedMin=2017-07-26T07%3A33%3A15.004Z&orderBy=startTime&timeZone=Asia%2FTokyo
2017/07/26 17:33:15,065 [INFO ] jp.co.kke.Lockstatedemo.util.GoogleApiUtil.doApiRequest(GoogleApiUtil.java:386) doApiRequest:GET:https://www.googleapis.com/calendar/v3/calendars/kke.co.jp_2d3337313238383832353636%40resource.calendar.google.com/events?singleEvents=true&updatedMin=2017-07-26T07%3A33%3A15.004Z&orderBy=startTime&timeZone=Asia%2FTokyo
2017/07/26 17:33:16,580 [INFO ] jp.co.kke.Lockstatedemo.util.GoogleApiUtil.getCalendarEventListJson(GoogleApiUtil.java:292) url:https://www.googleapis.com/calendar/v3/calendars/kke.co.jp_2d3337313238383832353636%40resource.calendar.google.com/events?singleEvents=true&updatedMin=2017-07-26T07%3A33%3A16.580Z&orderBy=startTime&timeZone=Asia%2FTokyo
2017/07/26 17:33:16,580 [INFO ] jp.co.kke.Lockstatedemo.util.GoogleApiUtil.doApiRequest(GoogleApiUtil.java:386) doApiRequest:GET:https://www.googleapis.com/calendar/v3/calendars/kke.co.jp_2d3337313238383832353636%40resource.calendar.google.com/events?singleEvents=true&updatedMin=2017-07-26T07%3A33%3A16.580Z&orderBy=startTime&timeZone=Asia%2FTokyo
2017/07/26 17:33:17,067 [INFO ] jp.co.kke.Lockstatedemo.util.GoogleApiUtil.getCalendarEventList(GoogleApiUtil.java:308) getCalendarEventList:{
 "kind": "calendar#events",
 "etag": "\"p33481ff3oijda0g\"",
 "summary": "RemoteLock配信テスト",
 "updated": "2017-07-26T08:33:12.573Z",
 "timeZone": "Asia/Tokyo",
 "accessRole": "reader",
 "defaultReminders": [],
 "items": [
  {
   "kind": "calendar#event",
   "etag": "\"3002115984940000\"",
   "id": "hen63rmuc65g92rh726852v2s8",
   "status": "confirmed",
   "htmlLink": "https://www.google.com/calendar/event?eid=aGVuNjNybXVjNjVnOTJyaDcyNjg1MnYyczgga2tlLmNvLmpwXzJkMzMzNzMxMzIzODM4MzgzMjM1MzYzNkByZXNvdXJjZS5jYWxlbmRhci5nb29nbGUuY29t&ctz=Asia/Tokyo",
   "created": "2017-07-26T08:33:11.000Z",
   "updated": "2017-07-26T08:33:12.470Z",
   "summary": "test",
   "location": "RemoteLock配信テスト",
   "creator": {
    "email": "miyake@kke.co.jp"
   },
   "organizer": {
    "email": "miyake@kke.co.jp"
   },
   "start": {
    "dateTime": "2017-07-26T18:00:00+09:00",
    "timeZone": "Asia/Tokyo"
   },
   "end": {
    "dateTime": "2017-07-26T19:00:00+09:00",
    "timeZone": "Asia/Tokyo"
   },
   "iCalUID": "hen63rmuc65g92rh726852v2s8@google.com",
   "sequence": 0,
   "attendees": [
    {
     "email": "miyake@kke.co.jp",
     "organizer": true,
     "responseStatus": "accepted"
    },
    {
     "email": "kke.co.jp_2d3337313238383832353636@resource.calendar.google.com",
     "displayName": "RemoteLock配信テスト",
     "self": true,
     "resource": true,
     "responseStatus": "accepted"
    }
   ],
   "extendedProperties": {
    "shared": {
     "eventType": "none"
    }
   },
   "hangoutLink": "https://plus.google.com/hangouts/_/kke.co.jp/miyake?hceid=bWl5YWtlQGtrZS5jby5qcA.hen63rmuc65g92rh726852v2s8",
   "guestsCanModify": true,
   "reminders": {
    "useDefault": true
   }
  }
 ]
}

2017/07/26 17:37:01,776 [INFO ] jp.co.kke.Lockstatedemo.util.GoogleApiUtil.getCalendarEventListJson(GoogleApiUtil.java:292) url:https://www.googleapis.com/calendar/v3/calendars/kke.co.jp_2d3337313238383832353636%40resource.calendar.google.com/events?singleEvents=true&updatedMin=2017-07-26T07%3A37%3A01.717Z&orderBy=startTime&timeZone=Asia%2FTokyo
2017/07/26 17:37:01,778 [INFO ] jp.co.kke.Lockstatedemo.util.GoogleApiUtil.doApiRequest(GoogleApiUtil.java:386) doApiRequest:GET:https://www.googleapis.com/calendar/v3/calendars/kke.co.jp_2d3337313238383832353636%40resource.calendar.google.com/events?singleEvents=true&updatedMin=2017-07-26T07%3A37%3A01.717Z&orderBy=startTime&timeZone=Asia%2FTokyo
2017/07/26 17:37:03,082 [INFO ] jp.co.kke.Lockstatedemo.util.GoogleApiUtil.getCalendarEventListJson(GoogleApiUtil.java:292) url:https://www.googleapis.com/calendar/v3/calendars/kke.co.jp_2d3337313238383832353636%40resource.calendar.google.com/events?singleEvents=true&updatedMin=2017-07-26T07%3A37%3A03.082Z&orderBy=startTime&timeZone=Asia%2FTokyo
2017/07/26 17:37:03,082 [INFO ] jp.co.kke.Lockstatedemo.util.GoogleApiUtil.doApiRequest(GoogleApiUtil.java:386) doApiRequest:GET:https://www.googleapis.com/calendar/v3/calendars/kke.co.jp_2d3337313238383832353636%40resource.calendar.google.com/events?singleEvents=true&updatedMin=2017-07-26T07%3A37%3A03.082Z&orderBy=startTime&timeZone=Asia%2FTokyo
2017/07/26 17:37:03,587 [INFO ] jp.co.kke.Lockstatedemo.util.GoogleApiUtil.getCalendarEventList(GoogleApiUtil.java:308) getCalendarEventList:{
 "kind": "calendar#events",
 "etag": "\"p33481ff3oijda0g\"",
 "summary": "RemoteLock配信テスト",
 "updated": "2017-07-26T08:33:12.573Z",
 "timeZone": "Asia/Tokyo",
 "accessRole": "reader",
 "defaultReminders": [],
 "items": [
  {
   "kind": "calendar#event",
   "etag": "\"3002115984940000\"",
   "id": "hen63rmuc65g92rh726852v2s8",
   "status": "confirmed",
   "htmlLink": "https://www.google.com/calendar/event?eid=aGVuNjNybXVjNjVnOTJyaDcyNjg1MnYyczgga2tlLmNvLmpwXzJkMzMzNzMxMzIzODM4MzgzMjM1MzYzNkByZXNvdXJjZS5jYWxlbmRhci5nb29nbGUuY29t&ctz=Asia/Tokyo",
   "created": "2017-07-26T08:33:11.000Z",
   "updated": "2017-07-26T08:33:12.470Z",
   "summary": "test",
   "location": "RemoteLock配信テスト",
   "creator": {
    "email": "miyake@kke.co.jp"
   },
   "organizer": {
    "email": "miyake@kke.co.jp"
   },
   "start": {
    "dateTime": "2017-07-26T18:00:00+09:00",
    "timeZone": "Asia/Tokyo"
   },
   "end": {
    "dateTime": "2017-07-26T19:00:00+09:00",
    "timeZone": "Asia/Tokyo"
   },
   "iCalUID": "hen63rmuc65g92rh726852v2s8@google.com",
   "sequence": 0,
   "attendees": [
    {
     "email": "miyake@kke.co.jp",
     "organizer": true,
     "responseStatus": "accepted"
    },
    {
     "email": "kke.co.jp_2d3337313238383832353636@resource.calendar.google.com",
     "displayName": "RemoteLock配信テスト",
     "self": true,
     "resource": true,
     "responseStatus": "accepted"
    }
   ],
   "extendedProperties": {
    "shared": {
     "eventType": "none"
    }
   },
   "hangoutLink": "https://plus.google.com/hangouts/_/kke.co.jp/miyake?hceid=bWl5YWtlQGtrZS5jby5qcA.hen63rmuc65g92rh726852v2s8",
   "guestsCanModify": true,
   "reminders": {
    "useDefault": true
   }
  }
 ]
}

2017/07/26 17:37:11,750 [INFO ] jp.co.kke.Lockstatedemo.util.GoogleApiUtil.getCalendarEventListJson(GoogleApiUtil.java:292) url:https://www.googleapis.com/calendar/v3/calendars/kke.co.jp_2d3337313238383832353636%40resource.calendar.google.com/events?singleEvents=true&updatedMin=2017-07-26T07%3A37%3A11.689Z&orderBy=startTime&timeZone=Asia%2FTokyo
2017/07/26 17:37:11,752 [INFO ] jp.co.kke.Lockstatedemo.util.GoogleApiUtil.doApiRequest(GoogleApiUtil.java:386) doApiRequest:GET:https://www.googleapis.com/calendar/v3/calendars/kke.co.jp_2d3337313238383832353636%40resource.calendar.google.com/events?singleEvents=true&updatedMin=2017-07-26T07%3A37%3A11.689Z&orderBy=startTime&timeZone=Asia%2FTokyo
2017/07/26 17:37:13,191 [INFO ] jp.co.kke.Lockstatedemo.util.GoogleApiUtil.getCalendarEventListJson(GoogleApiUtil.java:292) url:https://www.googleapis.com/calendar/v3/calendars/kke.co.jp_2d3337313238383832353636%40resource.calendar.google.com/events?singleEvents=true&updatedMin=2017-07-26T07%3A37%3A13.191Z&orderBy=startTime&timeZone=Asia%2FTokyo
2017/07/26 17:37:13,191 [INFO ] jp.co.kke.Lockstatedemo.util.GoogleApiUtil.doApiRequest(GoogleApiUtil.java:386) doApiRequest:GET:https://www.googleapis.com/calendar/v3/calendars/kke.co.jp_2d3337313238383832353636%40resource.calendar.google.com/events?singleEvents=true&updatedMin=2017-07-26T07%3A37%3A13.191Z&orderBy=startTime&timeZone=Asia%2FTokyo
2017/07/26 17:37:13,670 [INFO ] jp.co.kke.Lockstatedemo.util.GoogleApiUtil.getCalendarEventList(GoogleApiUtil.java:308) getCalendarEventList:{
 "kind": "calendar#events",
 "etag": "\"p33481ff3oijda0g\"",
 "summary": "RemoteLock配信テスト",
 "updated": "2017-07-26T08:33:12.573Z",
 "timeZone": "Asia/Tokyo",
 "accessRole": "reader",
 "defaultReminders": [],
 "items": [
  {
   "kind": "calendar#event",
   "etag": "\"3002115984940000\"",
   "id": "hen63rmuc65g92rh726852v2s8",
   "status": "confirmed",
   "htmlLink": "https://www.google.com/calendar/event?eid=aGVuNjNybXVjNjVnOTJyaDcyNjg1MnYyczgga2tlLmNvLmpwXzJkMzMzNzMxMzIzODM4MzgzMjM1MzYzNkByZXNvdXJjZS5jYWxlbmRhci5nb29nbGUuY29t&ctz=Asia/Tokyo",
   "created": "2017-07-26T08:33:11.000Z",
   "updated": "2017-07-26T08:33:12.470Z",
   "summary": "test",
   "location": "RemoteLock配信テスト",
   "creator": {
    "email": "miyake@kke.co.jp"
   },
   "organizer": {
    "email": "miyake@kke.co.jp"
   },
   "start": {
    "dateTime": "2017-07-26T18:00:00+09:00",
    "timeZone": "Asia/Tokyo"
   },
   "end": {
    "dateTime": "2017-07-26T19:00:00+09:00",
    "timeZone": "Asia/Tokyo"
   },
   "iCalUID": "hen63rmuc65g92rh726852v2s8@google.com",
   "sequence": 0,
   "attendees": [
    {
     "email": "miyake@kke.co.jp",
     "organizer": true,
     "responseStatus": "accepted"
    },
    {
     "email": "kke.co.jp_2d3337313238383832353636@resource.calendar.google.com",
     "displayName": "RemoteLock配信テスト",
     "self": true,
     "resource": true,
     "responseStatus": "accepted"
    }
   ],
   "extendedProperties": {
    "shared": {
     "eventType": "none"
    }
   },
   "hangoutLink": "https://plus.google.com/hangouts/_/kke.co.jp/miyake?hceid=bWl5YWtlQGtrZS5jby5qcA.hen63rmuc65g92rh726852v2s8",
   "guestsCanModify": true,
   "reminders": {
    "useDefault": true
   }
  }
 ]
}

2017/07/26 17:43:58,594 [INFO ] jp.co.kke.Lockstatedemo.util.GoogleApiUtil.getCalendarEventListJson(GoogleApiUtil.java:292) url:https://www.googleapis.com/calendar/v3/calendars/kke.co.jp_2d3337313238383832353636%40resource.calendar.google.com/events?singleEvents=true&updatedMin=2017-07-26T07%3A43%3A58.537Z&orderBy=startTime&timeZone=Asia%2FTokyo
2017/07/26 17:43:58,597 [INFO ] jp.co.kke.Lockstatedemo.util.GoogleApiUtil.doApiRequest(GoogleApiUtil.java:386) doApiRequest:GET:https://www.googleapis.com/calendar/v3/calendars/kke.co.jp_2d3337313238383832353636%40resource.calendar.google.com/events?singleEvents=true&updatedMin=2017-07-26T07%3A43%3A58.537Z&orderBy=startTime&timeZone=Asia%2FTokyo
2017/07/26 17:43:59,825 [INFO ] jp.co.kke.Lockstatedemo.util.GoogleApiUtil.getCalendarEventListJson(GoogleApiUtil.java:292) url:https://www.googleapis.com/calendar/v3/calendars/kke.co.jp_2d3337313238383832353636%40resource.calendar.google.com/events?singleEvents=true&updatedMin=2017-07-26T07%3A43%3A59.825Z&orderBy=startTime&timeZone=Asia%2FTokyo
2017/07/26 17:43:59,825 [INFO ] jp.co.kke.Lockstatedemo.util.GoogleApiUtil.doApiRequest(GoogleApiUtil.java:386) doApiRequest:GET:https://www.googleapis.com/calendar/v3/calendars/kke.co.jp_2d3337313238383832353636%40resource.calendar.google.com/events?singleEvents=true&updatedMin=2017-07-26T07%3A43%3A59.825Z&orderBy=startTime&timeZone=Asia%2FTokyo
2017/07/26 17:44:00,145 [INFO ] jp.co.kke.Lockstatedemo.util.GoogleApiUtil.getCalendarEventList(GoogleApiUtil.java:308) getCalendarEventList:{
 "kind": "calendar#events",
 "etag": "\"p33481ff3oijda0g\"",
 "summary": "RemoteLock配信テスト",
 "updated": "2017-07-26T08:33:12.573Z",
 "timeZone": "Asia/Tokyo",
 "accessRole": "reader",
 "defaultReminders": [],
 "items": [
  {
   "kind": "calendar#event",
   "etag": "\"3002115984940000\"",
   "id": "hen63rmuc65g92rh726852v2s8",
   "status": "confirmed",
   "htmlLink": "https://www.google.com/calendar/event?eid=aGVuNjNybXVjNjVnOTJyaDcyNjg1MnYyczgga2tlLmNvLmpwXzJkMzMzNzMxMzIzODM4MzgzMjM1MzYzNkByZXNvdXJjZS5jYWxlbmRhci5nb29nbGUuY29t&ctz=Asia/Tokyo",
   "created": "2017-07-26T08:33:11.000Z",
   "updated": "2017-07-26T08:33:12.470Z",
   "summary": "test",
   "location": "RemoteLock配信テスト",
   "creator": {
    "email": "miyake@kke.co.jp"
   },
   "organizer": {
    "email": "miyake@kke.co.jp"
   },
   "start": {
    "dateTime": "2017-07-26T18:00:00+09:00",
    "timeZone": "Asia/Tokyo"
   },
   "end": {
    "dateTime": "2017-07-26T19:00:00+09:00",
    "timeZone": "Asia/Tokyo"
   },
   "iCalUID": "hen63rmuc65g92rh726852v2s8@google.com",
   "sequence": 0,
   "attendees": [
    {
     "email": "miyake@kke.co.jp",
     "organizer": true,
     "responseStatus": "accepted"
    },
    {
     "email": "kke.co.jp_2d3337313238383832353636@resource.calendar.google.com",
     "displayName": "RemoteLock配信テスト",
     "self": true,
     "resource": true,
     "responseStatus": "accepted"
    }
   ],
   "extendedProperties": {
    "shared": {
     "eventType": "none"
    }
   },
   "hangoutLink": "https://plus.google.com/hangouts/_/kke.co.jp/miyake?hceid=bWl5YWtlQGtrZS5jby5qcA.hen63rmuc65g92rh726852v2s8",
   "guestsCanModify": true,
   "reminders": {
    "useDefault": true
   }
  }
 ]
}

2017/07/26 17:50:49,324 [INFO ] jp.co.kke.Lockstatedemo.util.GoogleApiUtil.getCalendarEventListJson(GoogleApiUtil.java:292) url:https://www.googleapis.com/calendar/v3/calendars/kke.co.jp_2d3337313238383832353636%40resource.calendar.google.com/events?singleEvents=true&updatedMin=2017-07-26T07%3A50%3A49.265Z&orderBy=startTime&timeZone=Asia%2FTokyo
2017/07/26 17:50:49,326 [INFO ] jp.co.kke.Lockstatedemo.util.GoogleApiUtil.doApiRequest(GoogleApiUtil.java:386) doApiRequest:GET:https://www.googleapis.com/calendar/v3/calendars/kke.co.jp_2d3337313238383832353636%40resource.calendar.google.com/events?singleEvents=true&updatedMin=2017-07-26T07%3A50%3A49.265Z&orderBy=startTime&timeZone=Asia%2FTokyo
2017/07/26 17:50:50,640 [INFO ] jp.co.kke.Lockstatedemo.util.GoogleApiUtil.getCalendarEventListJson(GoogleApiUtil.java:292) url:https://www.googleapis.com/calendar/v3/calendars/kke.co.jp_2d3337313238383832353636%40resource.calendar.google.com/events?singleEvents=true&updatedMin=2017-07-26T07%3A50%3A50.640Z&orderBy=startTime&timeZone=Asia%2FTokyo
2017/07/26 17:50:50,640 [INFO ] jp.co.kke.Lockstatedemo.util.GoogleApiUtil.doApiRequest(GoogleApiUtil.java:386) doApiRequest:GET:https://www.googleapis.com/calendar/v3/calendars/kke.co.jp_2d3337313238383832353636%40resource.calendar.google.com/events?singleEvents=true&updatedMin=2017-07-26T07%3A50%3A50.640Z&orderBy=startTime&timeZone=Asia%2FTokyo
2017/07/26 17:50:50,947 [INFO ] jp.co.kke.Lockstatedemo.util.GoogleApiUtil.getCalendarEventList(GoogleApiUtil.java:308) getCalendarEventList:{
 "kind": "calendar#events",
 "etag": "\"p33481ff3oijda0g\"",
 "summary": "RemoteLock配信テスト",
 "updated": "2017-07-26T08:33:12.573Z",
 "timeZone": "Asia/Tokyo",
 "accessRole": "reader",
 "defaultReminders": [],
 "items": [
  {
   "kind": "calendar#event",
   "etag": "\"3002115984940000\"",
   "id": "hen63rmuc65g92rh726852v2s8",
   "status": "confirmed",
   "htmlLink": "https://www.google.com/calendar/event?eid=aGVuNjNybXVjNjVnOTJyaDcyNjg1MnYyczgga2tlLmNvLmpwXzJkMzMzNzMxMzIzODM4MzgzMjM1MzYzNkByZXNvdXJjZS5jYWxlbmRhci5nb29nbGUuY29t&ctz=Asia/Tokyo",
   "created": "2017-07-26T08:33:11.000Z",
   "updated": "2017-07-26T08:33:12.470Z",
   "summary": "test",
   "location": "RemoteLock配信テスト",
   "creator": {
    "email": "miyake@kke.co.jp"
   },
   "organizer": {
    "email": "miyake@kke.co.jp"
   },
   "start": {
    "dateTime": "2017-07-26T18:00:00+09:00",
    "timeZone": "Asia/Tokyo"
   },
   "end": {
    "dateTime": "2017-07-26T19:00:00+09:00",
    "timeZone": "Asia/Tokyo"
   },
   "iCalUID": "hen63rmuc65g92rh726852v2s8@google.com",
   "sequence": 0,
   "attendees": [
    {
     "email": "miyake@kke.co.jp",
     "organizer": true,
     "responseStatus": "accepted"
    },
    {
     "email": "kke.co.jp_2d3337313238383832353636@resource.calendar.google.com",
     "displayName": "RemoteLock配信テスト",
     "self": true,
     "resource": true,
     "responseStatus": "accepted"
    }
   ],
   "extendedProperties": {
    "shared": {
     "eventType": "none"
    }
   },
   "hangoutLink": "https://plus.google.com/hangouts/_/kke.co.jp/miyake?hceid=bWl5YWtlQGtrZS5jby5qcA.hen63rmuc65g92rh726852v2s8",
   "guestsCanModify": true,
   "reminders": {
    "useDefault": true
   }
  }
 ]
}

2017/07/26 17:54:24,354 [INFO ] jp.co.kke.Lockstatedemo.util.GoogleApiUtil.getCalendarEventListJson(GoogleApiUtil.java:292) url:https://www.googleapis.com/calendar/v3/calendars/kke.co.jp_2d3337313238383832353636%40resource.calendar.google.com/events?singleEvents=true&updatedMin=2017-07-26T07%3A54%3A24.296Z&orderBy=startTime&timeZone=Asia%2FTokyo
2017/07/26 17:54:24,356 [INFO ] jp.co.kke.Lockstatedemo.util.GoogleApiUtil.doApiRequest(GoogleApiUtil.java:386) doApiRequest:GET:https://www.googleapis.com/calendar/v3/calendars/kke.co.jp_2d3337313238383832353636%40resource.calendar.google.com/events?singleEvents=true&updatedMin=2017-07-26T07%3A54%3A24.296Z&orderBy=startTime&timeZone=Asia%2FTokyo
2017/07/26 17:54:25,653 [INFO ] jp.co.kke.Lockstatedemo.util.GoogleApiUtil.getCalendarEventListJson(GoogleApiUtil.java:292) url:https://www.googleapis.com/calendar/v3/calendars/kke.co.jp_2d3337313238383832353636%40resource.calendar.google.com/events?singleEvents=true&updatedMin=2017-07-26T07%3A54%3A25.653Z&orderBy=startTime&timeZone=Asia%2FTokyo
2017/07/26 17:54:25,653 [INFO ] jp.co.kke.Lockstatedemo.util.GoogleApiUtil.doApiRequest(GoogleApiUtil.java:386) doApiRequest:GET:https://www.googleapis.com/calendar/v3/calendars/kke.co.jp_2d3337313238383832353636%40resource.calendar.google.com/events?singleEvents=true&updatedMin=2017-07-26T07%3A54%3A25.653Z&orderBy=startTime&timeZone=Asia%2FTokyo
2017/07/26 17:54:25,966 [INFO ] jp.co.kke.Lockstatedemo.util.GoogleApiUtil.getCalendarEventList(GoogleApiUtil.java:308) getCalendarEventList:{
 "kind": "calendar#events",
 "etag": "\"p33481ff3oijda0g\"",
 "summary": "RemoteLock配信テスト",
 "updated": "2017-07-26T08:33:12.573Z",
 "timeZone": "Asia/Tokyo",
 "accessRole": "reader",
 "defaultReminders": [],
 "items": [
  {
   "kind": "calendar#event",
   "etag": "\"3002115984940000\"",
   "id": "hen63rmuc65g92rh726852v2s8",
   "status": "confirmed",
   "htmlLink": "https://www.google.com/calendar/event?eid=aGVuNjNybXVjNjVnOTJyaDcyNjg1MnYyczgga2tlLmNvLmpwXzJkMzMzNzMxMzIzODM4MzgzMjM1MzYzNkByZXNvdXJjZS5jYWxlbmRhci5nb29nbGUuY29t&ctz=Asia/Tokyo",
   "created": "2017-07-26T08:33:11.000Z",
   "updated": "2017-07-26T08:33:12.470Z",
   "summary": "test",
   "location": "RemoteLock配信テスト",
   "creator": {
    "email": "miyake@kke.co.jp"
   },
   "organizer": {
    "email": "miyake@kke.co.jp"
   },
   "start": {
    "dateTime": "2017-07-26T18:00:00+09:00",
    "timeZone": "Asia/Tokyo"
   },
   "end": {
    "dateTime": "2017-07-26T19:00:00+09:00",
    "timeZone": "Asia/Tokyo"
   },
   "iCalUID": "hen63rmuc65g92rh726852v2s8@google.com",
   "sequence": 0,
   "attendees": [
    {
     "email": "miyake@kke.co.jp",
     "organizer": true,
     "responseStatus": "accepted"
    },
    {
     "email": "kke.co.jp_2d3337313238383832353636@resource.calendar.google.com",
     "displayName": "RemoteLock配信テスト",
     "self": true,
     "resource": true,
     "responseStatus": "accepted"
    }
   ],
   "extendedProperties": {
    "shared": {
     "eventType": "none"
    }
   },
   "hangoutLink": "https://plus.google.com/hangouts/_/kke.co.jp/miyake?hceid=bWl5YWtlQGtrZS5jby5qcA.hen63rmuc65g92rh726852v2s8",
   "guestsCanModify": true,
   "reminders": {
    "useDefault": true
   }
  }
 ]
}

2017/07/26 18:20:34,846 [INFO ] jp.co.kke.Lockstatedemo.util.GoogleApiUtil.getCalendarEventListJson(GoogleApiUtil.java:292) url:https://www.googleapis.com/calendar/v3/calendars/kke.co.jp_2d3337313238383832353636%40resource.calendar.google.com/events?singleEvents=true&updatedMin=2017-07-26T08%3A20%3A34.787Z&orderBy=startTime&timeZone=Asia%2FTokyo
2017/07/26 18:20:34,848 [INFO ] jp.co.kke.Lockstatedemo.util.GoogleApiUtil.doApiRequest(GoogleApiUtil.java:386) doApiRequest:GET:https://www.googleapis.com/calendar/v3/calendars/kke.co.jp_2d3337313238383832353636%40resource.calendar.google.com/events?singleEvents=true&updatedMin=2017-07-26T08%3A20%3A34.787Z&orderBy=startTime&timeZone=Asia%2FTokyo
2017/07/26 18:20:36,075 [INFO ] jp.co.kke.Lockstatedemo.util.GoogleApiUtil.getCalendarEventListJson(GoogleApiUtil.java:292) url:https://www.googleapis.com/calendar/v3/calendars/kke.co.jp_2d3337313238383832353636%40resource.calendar.google.com/events?singleEvents=true&updatedMin=2017-07-26T08%3A20%3A36.075Z&orderBy=startTime&timeZone=Asia%2FTokyo
2017/07/26 18:20:36,076 [INFO ] jp.co.kke.Lockstatedemo.util.GoogleApiUtil.doApiRequest(GoogleApiUtil.java:386) doApiRequest:GET:https://www.googleapis.com/calendar/v3/calendars/kke.co.jp_2d3337313238383832353636%40resource.calendar.google.com/events?singleEvents=true&updatedMin=2017-07-26T08%3A20%3A36.075Z&orderBy=startTime&timeZone=Asia%2FTokyo
2017/07/26 18:20:36,366 [INFO ] jp.co.kke.Lockstatedemo.util.GoogleApiUtil.getCalendarEventList(GoogleApiUtil.java:308) getCalendarEventList:{
 "kind": "calendar#events",
 "etag": "\"p33481ff3oijda0g\"",
 "summary": "RemoteLock配信テスト",
 "updated": "2017-07-26T08:33:12.573Z",
 "timeZone": "Asia/Tokyo",
 "accessRole": "reader",
 "defaultReminders": [],
 "items": [
  {
   "kind": "calendar#event",
   "etag": "\"3002115984940000\"",
   "id": "hen63rmuc65g92rh726852v2s8",
   "status": "confirmed",
   "htmlLink": "https://www.google.com/calendar/event?eid=aGVuNjNybXVjNjVnOTJyaDcyNjg1MnYyczgga2tlLmNvLmpwXzJkMzMzNzMxMzIzODM4MzgzMjM1MzYzNkByZXNvdXJjZS5jYWxlbmRhci5nb29nbGUuY29t&ctz=Asia/Tokyo",
   "created": "2017-07-26T08:33:11.000Z",
   "updated": "2017-07-26T08:33:12.470Z",
   "summary": "test",
   "location": "RemoteLock配信テスト",
   "creator": {
    "email": "miyake@kke.co.jp"
   },
   "organizer": {
    "email": "miyake@kke.co.jp"
   },
   "start": {
    "dateTime": "2017-07-26T18:00:00+09:00",
    "timeZone": "Asia/Tokyo"
   },
   "end": {
    "dateTime": "2017-07-26T19:00:00+09:00",
    "timeZone": "Asia/Tokyo"
   },
   "iCalUID": "hen63rmuc65g92rh726852v2s8@google.com",
   "sequence": 0,
   "attendees": [
    {
     "email": "miyake@kke.co.jp",
     "organizer": true,
     "responseStatus": "accepted"
    },
    {
     "email": "kke.co.jp_2d3337313238383832353636@resource.calendar.google.com",
     "displayName": "RemoteLock配信テスト",
     "self": true,
     "resource": true,
     "responseStatus": "accepted"
    }
   ],
   "extendedProperties": {
    "shared": {
     "eventType": "none"
    }
   },
   "hangoutLink": "https://plus.google.com/hangouts/_/kke.co.jp/miyake?hceid=bWl5YWtlQGtrZS5jby5qcA.hen63rmuc65g92rh726852v2s8",
   "guestsCanModify": true,
   "reminders": {
    "useDefault": true
   }
  }
 ]
}

2017/07/26 18:25:23,128 [INFO ] jp.co.kke.Lockstatedemo.util.GoogleApiUtil.getCalendarEventListJson(GoogleApiUtil.java:292) url:https://www.googleapis.com/calendar/v3/calendars/kke.co.jp_2d3337313238383832353636%40resource.calendar.google.com/events?singleEvents=true&updatedMin=2017-07-26T08%3A25%3A23.072Z&orderBy=startTime&timeZone=Asia%2FTokyo
2017/07/26 18:25:23,131 [INFO ] jp.co.kke.Lockstatedemo.util.GoogleApiUtil.doApiRequest(GoogleApiUtil.java:386) doApiRequest:GET:https://www.googleapis.com/calendar/v3/calendars/kke.co.jp_2d3337313238383832353636%40resource.calendar.google.com/events?singleEvents=true&updatedMin=2017-07-26T08%3A25%3A23.072Z&orderBy=startTime&timeZone=Asia%2FTokyo
2017/07/26 18:25:24,440 [INFO ] jp.co.kke.Lockstatedemo.util.GoogleApiUtil.getCalendarEventListJson(GoogleApiUtil.java:292) url:https://www.googleapis.com/calendar/v3/calendars/kke.co.jp_2d3337313238383832353636%40resource.calendar.google.com/events?singleEvents=true&updatedMin=2017-07-26T08%3A25%3A24.440Z&orderBy=startTime&timeZone=Asia%2FTokyo
2017/07/26 18:25:24,441 [INFO ] jp.co.kke.Lockstatedemo.util.GoogleApiUtil.doApiRequest(GoogleApiUtil.java:386) doApiRequest:GET:https://www.googleapis.com/calendar/v3/calendars/kke.co.jp_2d3337313238383832353636%40resource.calendar.google.com/events?singleEvents=true&updatedMin=2017-07-26T08%3A25%3A24.440Z&orderBy=startTime&timeZone=Asia%2FTokyo
2017/07/26 18:25:24,756 [INFO ] jp.co.kke.Lockstatedemo.util.GoogleApiUtil.getCalendarEventList(GoogleApiUtil.java:308) getCalendarEventList:{
 "kind": "calendar#events",
 "etag": "\"p33481ff3oijda0g\"",
 "summary": "RemoteLock配信テスト",
 "updated": "2017-07-26T08:33:12.573Z",
 "timeZone": "Asia/Tokyo",
 "accessRole": "reader",
 "defaultReminders": [],
 "items": [
  {
   "kind": "calendar#event",
   "etag": "\"3002115984940000\"",
   "id": "hen63rmuc65g92rh726852v2s8",
   "status": "confirmed",
   "htmlLink": "https://www.google.com/calendar/event?eid=aGVuNjNybXVjNjVnOTJyaDcyNjg1MnYyczgga2tlLmNvLmpwXzJkMzMzNzMxMzIzODM4MzgzMjM1MzYzNkByZXNvdXJjZS5jYWxlbmRhci5nb29nbGUuY29t&ctz=Asia/Tokyo",
   "created": "2017-07-26T08:33:11.000Z",
   "updated": "2017-07-26T08:33:12.470Z",
   "summary": "test",
   "location": "RemoteLock配信テスト",
   "creator": {
    "email": "miyake@kke.co.jp"
   },
   "organizer": {
    "email": "miyake@kke.co.jp"
   },
   "start": {
    "dateTime": "2017-07-26T18:00:00+09:00",
    "timeZone": "Asia/Tokyo"
   },
   "end": {
    "dateTime": "2017-07-26T19:00:00+09:00",
    "timeZone": "Asia/Tokyo"
   },
   "iCalUID": "hen63rmuc65g92rh726852v2s8@google.com",
   "sequence": 0,
   "attendees": [
    {
     "email": "miyake@kke.co.jp",
     "organizer": true,
     "responseStatus": "accepted"
    },
    {
     "email": "kke.co.jp_2d3337313238383832353636@resource.calendar.google.com",
     "displayName": "RemoteLock配信テスト",
     "self": true,
     "resource": true,
     "responseStatus": "accepted"
    }
   ],
   "extendedProperties": {
    "shared": {
     "eventType": "none"
    }
   },
   "hangoutLink": "https://plus.google.com/hangouts/_/kke.co.jp/miyake?hceid=bWl5YWtlQGtrZS5jby5qcA.hen63rmuc65g92rh726852v2s8",
   "guestsCanModify": true,
   "reminders": {
    "useDefault": true
   }
  }
 ]
}

2017/07/26 18:30:30,697 [INFO ] jp.co.kke.Lockstatedemo.util.GoogleApiUtil.getCalendarEventListJson(GoogleApiUtil.java:292) url:https://www.googleapis.com/calendar/v3/calendars/kke.co.jp_2d3337313238383832353636%40resource.calendar.google.com/events?singleEvents=true&updatedMin=2017-07-26T08%3A30%3A30.639Z&orderBy=startTime&timeZone=Asia%2FTokyo
2017/07/26 18:30:30,700 [INFO ] jp.co.kke.Lockstatedemo.util.GoogleApiUtil.doApiRequest(GoogleApiUtil.java:386) doApiRequest:GET:https://www.googleapis.com/calendar/v3/calendars/kke.co.jp_2d3337313238383832353636%40resource.calendar.google.com/events?singleEvents=true&updatedMin=2017-07-26T08%3A30%3A30.639Z&orderBy=startTime&timeZone=Asia%2FTokyo
2017/07/26 18:30:32,126 [INFO ] jp.co.kke.Lockstatedemo.util.GoogleApiUtil.getCalendarEventListJson(GoogleApiUtil.java:292) url:https://www.googleapis.com/calendar/v3/calendars/kke.co.jp_2d3337313238383832353636%40resource.calendar.google.com/events?singleEvents=true&updatedMin=2017-07-26T08%3A30%3A32.125Z&orderBy=startTime&timeZone=Asia%2FTokyo
2017/07/26 18:30:32,126 [INFO ] jp.co.kke.Lockstatedemo.util.GoogleApiUtil.doApiRequest(GoogleApiUtil.java:386) doApiRequest:GET:https://www.googleapis.com/calendar/v3/calendars/kke.co.jp_2d3337313238383832353636%40resource.calendar.google.com/events?singleEvents=true&updatedMin=2017-07-26T08%3A30%3A32.125Z&orderBy=startTime&timeZone=Asia%2FTokyo
2017/07/26 18:30:32,489 [INFO ] jp.co.kke.Lockstatedemo.util.GoogleApiUtil.getCalendarEventList(GoogleApiUtil.java:308) getCalendarEventList:{
 "kind": "calendar#events",
 "etag": "\"p33481ff3oijda0g\"",
 "summary": "RemoteLock配信テスト",
 "updated": "2017-07-26T08:33:12.573Z",
 "timeZone": "Asia/Tokyo",
 "accessRole": "reader",
 "defaultReminders": [],
 "items": [
  {
   "kind": "calendar#event",
   "etag": "\"3002115984940000\"",
   "id": "hen63rmuc65g92rh726852v2s8",
   "status": "confirmed",
   "htmlLink": "https://www.google.com/calendar/event?eid=aGVuNjNybXVjNjVnOTJyaDcyNjg1MnYyczgga2tlLmNvLmpwXzJkMzMzNzMxMzIzODM4MzgzMjM1MzYzNkByZXNvdXJjZS5jYWxlbmRhci5nb29nbGUuY29t&ctz=Asia/Tokyo",
   "created": "2017-07-26T08:33:11.000Z",
   "updated": "2017-07-26T08:33:12.470Z",
   "summary": "test",
   "location": "RemoteLock配信テスト",
   "creator": {
    "email": "miyake@kke.co.jp"
   },
   "organizer": {
    "email": "miyake@kke.co.jp"
   },
   "start": {
    "dateTime": "2017-07-26T18:00:00+09:00",
    "timeZone": "Asia/Tokyo"
   },
   "end": {
    "dateTime": "2017-07-26T19:00:00+09:00",
    "timeZone": "Asia/Tokyo"
   },
   "iCalUID": "hen63rmuc65g92rh726852v2s8@google.com",
   "sequence": 0,
   "attendees": [
    {
     "email": "miyake@kke.co.jp",
     "organizer": true,
     "responseStatus": "accepted"
    },
    {
     "email": "kke.co.jp_2d3337313238383832353636@resource.calendar.google.com",
     "displayName": "RemoteLock配信テスト",
     "self": true,
     "resource": true,
     "responseStatus": "accepted"
    }
   ],
   "extendedProperties": {
    "shared": {
     "eventType": "none"
    }
   },
   "hangoutLink": "https://plus.google.com/hangouts/_/kke.co.jp/miyake?hceid=bWl5YWtlQGtrZS5jby5qcA.hen63rmuc65g92rh726852v2s8",
   "guestsCanModify": true,
   "reminders": {
    "useDefault": true
   }
  }
 ]
}

2017/07/26 18:41:39,083 [INFO ] jp.co.kke.Lockstatedemo.util.GoogleApiUtil.getCalendarEventListJson(GoogleApiUtil.java:292) url:https://www.googleapis.com/calendar/v3/calendars/kke.co.jp_2d3337313238383832353636%40resource.calendar.google.com/events?singleEvents=true&updatedMin=2017-07-26T08%3A41%3A39.027Z&orderBy=startTime&timeZone=Asia%2FTokyo
2017/07/26 18:41:39,086 [INFO ] jp.co.kke.Lockstatedemo.util.GoogleApiUtil.doApiRequest(GoogleApiUtil.java:386) doApiRequest:GET:https://www.googleapis.com/calendar/v3/calendars/kke.co.jp_2d3337313238383832353636%40resource.calendar.google.com/events?singleEvents=true&updatedMin=2017-07-26T08%3A41%3A39.027Z&orderBy=startTime&timeZone=Asia%2FTokyo
2017/07/26 18:41:40,296 [INFO ] jp.co.kke.Lockstatedemo.util.GoogleApiUtil.getCalendarEventListJson(GoogleApiUtil.java:292) url:https://www.googleapis.com/calendar/v3/calendars/kke.co.jp_2d3337313238383832353636%40resource.calendar.google.com/events?singleEvents=true&updatedMin=2017-07-26T08%3A41%3A40.296Z&orderBy=startTime&timeZone=Asia%2FTokyo
2017/07/26 18:41:40,297 [INFO ] jp.co.kke.Lockstatedemo.util.GoogleApiUtil.doApiRequest(GoogleApiUtil.java:386) doApiRequest:GET:https://www.googleapis.com/calendar/v3/calendars/kke.co.jp_2d3337313238383832353636%40resource.calendar.google.com/events?singleEvents=true&updatedMin=2017-07-26T08%3A41%3A40.296Z&orderBy=startTime&timeZone=Asia%2FTokyo
2017/07/26 18:41:40,591 [INFO ] jp.co.kke.Lockstatedemo.util.GoogleApiUtil.getCalendarEventList(GoogleApiUtil.java:308) getCalendarEventList:{
 "kind": "calendar#events",
 "etag": "\"p33481ff3oijda0g\"",
 "summary": "RemoteLock配信テスト",
 "updated": "2017-07-26T08:33:12.573Z",
 "timeZone": "Asia/Tokyo",
 "accessRole": "reader",
 "defaultReminders": [],
 "items": []
}

2017/07/26 18:42:03,086 [INFO ] jp.co.kke.Lockstatedemo.util.GoogleApiUtil.getCalendarEventListJson(GoogleApiUtil.java:292) url:https://www.googleapis.com/calendar/v3/calendars/kke.co.jp_2d3337313238383832353636%40resource.calendar.google.com/events?singleEvents=true&updatedMin=2017-07-25T23%3A42%3A03.026Z&orderBy=startTime&timeZone=Asia%2FTokyo
2017/07/26 18:42:03,089 [INFO ] jp.co.kke.Lockstatedemo.util.GoogleApiUtil.doApiRequest(GoogleApiUtil.java:386) doApiRequest:GET:https://www.googleapis.com/calendar/v3/calendars/kke.co.jp_2d3337313238383832353636%40resource.calendar.google.com/events?singleEvents=true&updatedMin=2017-07-25T23%3A42%3A03.026Z&orderBy=startTime&timeZone=Asia%2FTokyo
2017/07/26 18:42:04,349 [INFO ] jp.co.kke.Lockstatedemo.util.GoogleApiUtil.getCalendarEventListJson(GoogleApiUtil.java:292) url:https://www.googleapis.com/calendar/v3/calendars/kke.co.jp_2d3337313238383832353636%40resource.calendar.google.com/events?singleEvents=true&updatedMin=2017-07-25T23%3A42%3A04.349Z&orderBy=startTime&timeZone=Asia%2FTokyo
2017/07/26 18:42:04,349 [INFO ] jp.co.kke.Lockstatedemo.util.GoogleApiUtil.doApiRequest(GoogleApiUtil.java:386) doApiRequest:GET:https://www.googleapis.com/calendar/v3/calendars/kke.co.jp_2d3337313238383832353636%40resource.calendar.google.com/events?singleEvents=true&updatedMin=2017-07-25T23%3A42%3A04.349Z&orderBy=startTime&timeZone=Asia%2FTokyo
2017/07/26 18:42:04,675 [INFO ] jp.co.kke.Lockstatedemo.util.GoogleApiUtil.getCalendarEventList(GoogleApiUtil.java:308) getCalendarEventList:{
 "kind": "calendar#events",
 "etag": "\"p33481ff3oijda0g\"",
 "summary": "RemoteLock配信テスト",
 "updated": "2017-07-26T08:33:12.573Z",
 "timeZone": "Asia/Tokyo",
 "accessRole": "reader",
 "defaultReminders": [],
 "items": [
  {
   "kind": "calendar#event",
   "etag": "\"3002115984940000\"",
   "id": "hen63rmuc65g92rh726852v2s8",
   "status": "confirmed",
   "htmlLink": "https://www.google.com/calendar/event?eid=aGVuNjNybXVjNjVnOTJyaDcyNjg1MnYyczgga2tlLmNvLmpwXzJkMzMzNzMxMzIzODM4MzgzMjM1MzYzNkByZXNvdXJjZS5jYWxlbmRhci5nb29nbGUuY29t&ctz=Asia/Tokyo",
   "created": "2017-07-26T08:33:11.000Z",
   "updated": "2017-07-26T08:33:12.470Z",
   "summary": "test",
   "location": "RemoteLock配信テスト",
   "creator": {
    "email": "miyake@kke.co.jp"
   },
   "organizer": {
    "email": "miyake@kke.co.jp"
   },
   "start": {
    "dateTime": "2017-07-26T18:00:00+09:00",
    "timeZone": "Asia/Tokyo"
   },
   "end": {
    "dateTime": "2017-07-26T19:00:00+09:00",
    "timeZone": "Asia/Tokyo"
   },
   "iCalUID": "hen63rmuc65g92rh726852v2s8@google.com",
   "sequence": 0,
   "attendees": [
    {
     "email": "miyake@kke.co.jp",
     "organizer": true,
     "responseStatus": "accepted"
    },
    {
     "email": "kke.co.jp_2d3337313238383832353636@resource.calendar.google.com",
     "displayName": "RemoteLock配信テスト",
     "self": true,
     "resource": true,
     "responseStatus": "accepted"
    }
   ],
   "extendedProperties": {
    "shared": {
     "eventType": "none"
    }
   },
   "hangoutLink": "https://plus.google.com/hangouts/_/kke.co.jp/miyake?hceid=bWl5YWtlQGtrZS5jby5qcA.hen63rmuc65g92rh726852v2s8",
   "guestsCanModify": true,
   "reminders": {
    "useDefault": true
   }
  }
 ]
}

2017/07/26 18:48:06,796 [INFO ] jp.co.kke.Lockstatedemo.util.GoogleApiUtil.getCalendarEventListJson(GoogleApiUtil.java:292) url:https://www.googleapis.com/calendar/v3/calendars/kke.co.jp_2d3337313238383832353636%40resource.calendar.google.com/events?singleEvents=true&updatedMin=2017-07-25T23%3A48%3A06.736Z&orderBy=startTime&timeZone=Asia%2FTokyo
2017/07/26 18:48:06,799 [INFO ] jp.co.kke.Lockstatedemo.util.GoogleApiUtil.doApiRequest(GoogleApiUtil.java:386) doApiRequest:GET:https://www.googleapis.com/calendar/v3/calendars/kke.co.jp_2d3337313238383832353636%40resource.calendar.google.com/events?singleEvents=true&updatedMin=2017-07-25T23%3A48%3A06.736Z&orderBy=startTime&timeZone=Asia%2FTokyo
2017/07/26 18:48:08,066 [INFO ] jp.co.kke.Lockstatedemo.util.GoogleApiUtil.getCalendarEventListJson(GoogleApiUtil.java:292) url:https://www.googleapis.com/calendar/v3/calendars/kke.co.jp_2d3337313238383832353636%40resource.calendar.google.com/events?singleEvents=true&updatedMin=2017-07-25T23%3A48%3A08.066Z&orderBy=startTime&timeZone=Asia%2FTokyo
2017/07/26 18:48:08,067 [INFO ] jp.co.kke.Lockstatedemo.util.GoogleApiUtil.doApiRequest(GoogleApiUtil.java:386) doApiRequest:GET:https://www.googleapis.com/calendar/v3/calendars/kke.co.jp_2d3337313238383832353636%40resource.calendar.google.com/events?singleEvents=true&updatedMin=2017-07-25T23%3A48%3A08.066Z&orderBy=startTime&timeZone=Asia%2FTokyo
2017/07/26 18:48:08,384 [INFO ] jp.co.kke.Lockstatedemo.util.GoogleApiUtil.getCalendarEventList(GoogleApiUtil.java:308) getCalendarEventList:{
 "kind": "calendar#events",
 "etag": "\"p33481ff3oijda0g\"",
 "summary": "RemoteLock配信テスト",
 "updated": "2017-07-26T08:33:12.573Z",
 "timeZone": "Asia/Tokyo",
 "accessRole": "reader",
 "defaultReminders": [],
 "items": [
  {
   "kind": "calendar#event",
   "etag": "\"3002115984940000\"",
   "id": "hen63rmuc65g92rh726852v2s8",
   "status": "confirmed",
   "htmlLink": "https://www.google.com/calendar/event?eid=aGVuNjNybXVjNjVnOTJyaDcyNjg1MnYyczgga2tlLmNvLmpwXzJkMzMzNzMxMzIzODM4MzgzMjM1MzYzNkByZXNvdXJjZS5jYWxlbmRhci5nb29nbGUuY29t&ctz=Asia/Tokyo",
   "created": "2017-07-26T08:33:11.000Z",
   "updated": "2017-07-26T08:33:12.470Z",
   "summary": "test",
   "location": "RemoteLock配信テスト",
   "creator": {
    "email": "miyake@kke.co.jp"
   },
   "organizer": {
    "email": "miyake@kke.co.jp"
   },
   "start": {
    "dateTime": "2017-07-26T18:00:00+09:00",
    "timeZone": "Asia/Tokyo"
   },
   "end": {
    "dateTime": "2017-07-26T19:00:00+09:00",
    "timeZone": "Asia/Tokyo"
   },
   "iCalUID": "hen63rmuc65g92rh726852v2s8@google.com",
   "sequence": 0,
   "attendees": [
    {
     "email": "miyake@kke.co.jp",
     "organizer": true,
     "responseStatus": "accepted"
    },
    {
     "email": "kke.co.jp_2d3337313238383832353636@resource.calendar.google.com",
     "displayName": "RemoteLock配信テスト",
     "self": true,
     "resource": true,
     "responseStatus": "accepted"
    }
   ],
   "extendedProperties": {
    "shared": {
     "eventType": "none"
    }
   },
   "hangoutLink": "https://plus.google.com/hangouts/_/kke.co.jp/miyake?hceid=bWl5YWtlQGtrZS5jby5qcA.hen63rmuc65g92rh726852v2s8",
   "guestsCanModify": true,
   "reminders": {
    "useDefault": true
   }
  }
 ]
}

2017/07/26 18:50:49,352 [INFO ] jp.co.kke.Lockstatedemo.util.GoogleApiUtil.getCalendarEventListJson(GoogleApiUtil.java:292) url:https://www.googleapis.com/calendar/v3/calendars/kke.co.jp_2d3337313238383832353636%40resource.calendar.google.com/events?singleEvents=true&updatedMin=2017-07-25T23%3A50%3A49.292Z&orderBy=startTime&timeZone=Asia%2FTokyo
2017/07/26 18:50:49,354 [INFO ] jp.co.kke.Lockstatedemo.util.GoogleApiUtil.doApiRequest(GoogleApiUtil.java:386) doApiRequest:GET:https://www.googleapis.com/calendar/v3/calendars/kke.co.jp_2d3337313238383832353636%40resource.calendar.google.com/events?singleEvents=true&updatedMin=2017-07-25T23%3A50%3A49.292Z&orderBy=startTime&timeZone=Asia%2FTokyo
2017/07/26 18:50:50,708 [INFO ] jp.co.kke.Lockstatedemo.util.GoogleApiUtil.getCalendarEventListJson(GoogleApiUtil.java:292) url:https://www.googleapis.com/calendar/v3/calendars/kke.co.jp_2d3337313238383832353636%40resource.calendar.google.com/events?singleEvents=true&updatedMin=2017-07-25T23%3A50%3A50.708Z&orderBy=startTime&timeZone=Asia%2FTokyo
2017/07/26 18:50:50,709 [INFO ] jp.co.kke.Lockstatedemo.util.GoogleApiUtil.doApiRequest(GoogleApiUtil.java:386) doApiRequest:GET:https://www.googleapis.com/calendar/v3/calendars/kke.co.jp_2d3337313238383832353636%40resource.calendar.google.com/events?singleEvents=true&updatedMin=2017-07-25T23%3A50%3A50.708Z&orderBy=startTime&timeZone=Asia%2FTokyo
2017/07/26 18:50:51,036 [INFO ] jp.co.kke.Lockstatedemo.util.GoogleApiUtil.getCalendarEventList(GoogleApiUtil.java:308) getCalendarEventList:{
 "kind": "calendar#events",
 "etag": "\"p33481ff3oijda0g\"",
 "summary": "RemoteLock配信テスト",
 "updated": "2017-07-26T08:33:12.573Z",
 "timeZone": "Asia/Tokyo",
 "accessRole": "reader",
 "defaultReminders": [],
 "items": [
  {
   "kind": "calendar#event",
   "etag": "\"3002115984940000\"",
   "id": "hen63rmuc65g92rh726852v2s8",
   "status": "confirmed",
   "htmlLink": "https://www.google.com/calendar/event?eid=aGVuNjNybXVjNjVnOTJyaDcyNjg1MnYyczgga2tlLmNvLmpwXzJkMzMzNzMxMzIzODM4MzgzMjM1MzYzNkByZXNvdXJjZS5jYWxlbmRhci5nb29nbGUuY29t&ctz=Asia/Tokyo",
   "created": "2017-07-26T08:33:11.000Z",
   "updated": "2017-07-26T08:33:12.470Z",
   "summary": "test",
   "location": "RemoteLock配信テスト",
   "creator": {
    "email": "miyake@kke.co.jp"
   },
   "organizer": {
    "email": "miyake@kke.co.jp"
   },
   "start": {
    "dateTime": "2017-07-26T18:00:00+09:00",
    "timeZone": "Asia/Tokyo"
   },
   "end": {
    "dateTime": "2017-07-26T19:00:00+09:00",
    "timeZone": "Asia/Tokyo"
   },
   "iCalUID": "hen63rmuc65g92rh726852v2s8@google.com",
   "sequence": 0,
   "attendees": [
    {
     "email": "miyake@kke.co.jp",
     "organizer": true,
     "responseStatus": "accepted"
    },
    {
     "email": "kke.co.jp_2d3337313238383832353636@resource.calendar.google.com",
     "displayName": "RemoteLock配信テスト",
     "self": true,
     "resource": true,
     "responseStatus": "accepted"
    }
   ],
   "extendedProperties": {
    "shared": {
     "eventType": "none"
    }
   },
   "hangoutLink": "https://plus.google.com/hangouts/_/kke.co.jp/miyake?hceid=bWl5YWtlQGtrZS5jby5qcA.hen63rmuc65g92rh726852v2s8",
   "guestsCanModify": true,
   "reminders": {
    "useDefault": true
   }
  }
 ]
}

2017/07/26 18:52:46,759 [INFO ] jp.co.kke.Lockstatedemo.util.GoogleApiUtil.getCalendarEventListJson(GoogleApiUtil.java:292) url:https://www.googleapis.com/calendar/v3/calendars/kke.co.jp_2d3337313238383832353636%40resource.calendar.google.com/events?singleEvents=true&updatedMin=2017-07-25T23%3A52%3A46.700Z&orderBy=startTime&timeZone=Asia%2FTokyo
2017/07/26 18:52:46,761 [INFO ] jp.co.kke.Lockstatedemo.util.GoogleApiUtil.doApiRequest(GoogleApiUtil.java:386) doApiRequest:GET:https://www.googleapis.com/calendar/v3/calendars/kke.co.jp_2d3337313238383832353636%40resource.calendar.google.com/events?singleEvents=true&updatedMin=2017-07-25T23%3A52%3A46.700Z&orderBy=startTime&timeZone=Asia%2FTokyo
2017/07/26 18:52:48,012 [INFO ] jp.co.kke.Lockstatedemo.util.GoogleApiUtil.getCalendarEventListJson(GoogleApiUtil.java:292) url:https://www.googleapis.com/calendar/v3/calendars/kke.co.jp_2d3337313238383832353636%40resource.calendar.google.com/events?singleEvents=true&updatedMin=2017-07-25T23%3A52%3A48.012Z&orderBy=startTime&timeZone=Asia%2FTokyo
2017/07/26 18:52:48,012 [INFO ] jp.co.kke.Lockstatedemo.util.GoogleApiUtil.doApiRequest(GoogleApiUtil.java:386) doApiRequest:GET:https://www.googleapis.com/calendar/v3/calendars/kke.co.jp_2d3337313238383832353636%40resource.calendar.google.com/events?singleEvents=true&updatedMin=2017-07-25T23%3A52%3A48.012Z&orderBy=startTime&timeZone=Asia%2FTokyo
2017/07/26 18:52:48,314 [INFO ] jp.co.kke.Lockstatedemo.util.GoogleApiUtil.getCalendarEventList(GoogleApiUtil.java:308) getCalendarEventList:{
 "kind": "calendar#events",
 "etag": "\"p33481ff3oijda0g\"",
 "summary": "RemoteLock配信テスト",
 "updated": "2017-07-26T08:33:12.573Z",
 "timeZone": "Asia/Tokyo",
 "accessRole": "reader",
 "defaultReminders": [],
 "items": [
  {
   "kind": "calendar#event",
   "etag": "\"3002115984940000\"",
   "id": "hen63rmuc65g92rh726852v2s8",
   "status": "confirmed",
   "htmlLink": "https://www.google.com/calendar/event?eid=aGVuNjNybXVjNjVnOTJyaDcyNjg1MnYyczgga2tlLmNvLmpwXzJkMzMzNzMxMzIzODM4MzgzMjM1MzYzNkByZXNvdXJjZS5jYWxlbmRhci5nb29nbGUuY29t&ctz=Asia/Tokyo",
   "created": "2017-07-26T08:33:11.000Z",
   "updated": "2017-07-26T08:33:12.470Z",
   "summary": "test",
   "location": "RemoteLock配信テスト",
   "creator": {
    "email": "miyake@kke.co.jp"
   },
   "organizer": {
    "email": "miyake@kke.co.jp"
   },
   "start": {
    "dateTime": "2017-07-26T18:00:00+09:00",
    "timeZone": "Asia/Tokyo"
   },
   "end": {
    "dateTime": "2017-07-26T19:00:00+09:00",
    "timeZone": "Asia/Tokyo"
   },
   "iCalUID": "hen63rmuc65g92rh726852v2s8@google.com",
   "sequence": 0,
   "attendees": [
    {
     "email": "miyake@kke.co.jp",
     "organizer": true,
     "responseStatus": "accepted"
    },
    {
     "email": "kke.co.jp_2d3337313238383832353636@resource.calendar.google.com",
     "displayName": "RemoteLock配信テスト",
     "self": true,
     "resource": true,
     "responseStatus": "accepted"
    }
   ],
   "extendedProperties": {
    "shared": {
     "eventType": "none"
    }
   },
   "hangoutLink": "https://plus.google.com/hangouts/_/kke.co.jp/miyake?hceid=bWl5YWtlQGtrZS5jby5qcA.hen63rmuc65g92rh726852v2s8",
   "guestsCanModify": true,
   "reminders": {
    "useDefault": true
   }
  }
 ]
}

2017/07/26 19:13:11,560 [INFO ] jp.co.kke.Lockstatedemo.util.GoogleApiUtil.getCalendarEventListJson(GoogleApiUtil.java:292) url:https://www.googleapis.com/calendar/v3/calendars/kke.co.jp_2d3337313238383832353636%40resource.calendar.google.com/events?singleEvents=true&updatedMin=2017-07-26T00%3A13%3A11.499Z&orderBy=startTime&timeZone=Asia%2FTokyo
2017/07/26 19:13:11,562 [INFO ] jp.co.kke.Lockstatedemo.util.GoogleApiUtil.doApiRequest(GoogleApiUtil.java:386) doApiRequest:GET:https://www.googleapis.com/calendar/v3/calendars/kke.co.jp_2d3337313238383832353636%40resource.calendar.google.com/events?singleEvents=true&updatedMin=2017-07-26T00%3A13%3A11.499Z&orderBy=startTime&timeZone=Asia%2FTokyo
2017/07/26 19:13:12,879 [INFO ] jp.co.kke.Lockstatedemo.util.GoogleApiUtil.getCalendarEventListJson(GoogleApiUtil.java:292) url:https://www.googleapis.com/calendar/v3/calendars/kke.co.jp_2d3337313238383832353636%40resource.calendar.google.com/events?singleEvents=true&updatedMin=2017-07-26T00%3A13%3A12.879Z&orderBy=startTime&timeZone=Asia%2FTokyo
2017/07/26 19:13:12,880 [INFO ] jp.co.kke.Lockstatedemo.util.GoogleApiUtil.doApiRequest(GoogleApiUtil.java:386) doApiRequest:GET:https://www.googleapis.com/calendar/v3/calendars/kke.co.jp_2d3337313238383832353636%40resource.calendar.google.com/events?singleEvents=true&updatedMin=2017-07-26T00%3A13%3A12.879Z&orderBy=startTime&timeZone=Asia%2FTokyo
2017/07/26 19:13:13,178 [INFO ] jp.co.kke.Lockstatedemo.util.GoogleApiUtil.getCalendarEventList(GoogleApiUtil.java:308) getCalendarEventList:{
 "kind": "calendar#events",
 "etag": "\"p33481ff3oijda0g\"",
 "summary": "RemoteLock配信テスト",
 "updated": "2017-07-26T08:33:12.573Z",
 "timeZone": "Asia/Tokyo",
 "accessRole": "reader",
 "defaultReminders": [],
 "items": [
  {
   "kind": "calendar#event",
   "etag": "\"3002115984940000\"",
   "id": "hen63rmuc65g92rh726852v2s8",
   "status": "confirmed",
   "htmlLink": "https://www.google.com/calendar/event?eid=aGVuNjNybXVjNjVnOTJyaDcyNjg1MnYyczgga2tlLmNvLmpwXzJkMzMzNzMxMzIzODM4MzgzMjM1MzYzNkByZXNvdXJjZS5jYWxlbmRhci5nb29nbGUuY29t&ctz=Asia/Tokyo",
   "created": "2017-07-26T08:33:11.000Z",
   "updated": "2017-07-26T08:33:12.470Z",
   "summary": "test",
   "location": "RemoteLock配信テスト",
   "creator": {
    "email": "miyake@kke.co.jp"
   },
   "organizer": {
    "email": "miyake@kke.co.jp"
   },
   "start": {
    "dateTime": "2017-07-26T18:00:00+09:00",
    "timeZone": "Asia/Tokyo"
   },
   "end": {
    "dateTime": "2017-07-26T19:00:00+09:00",
    "timeZone": "Asia/Tokyo"
   },
   "iCalUID": "hen63rmuc65g92rh726852v2s8@google.com",
   "sequence": 0,
   "attendees": [
    {
     "email": "miyake@kke.co.jp",
     "organizer": true,
     "responseStatus": "accepted"
    },
    {
     "email": "kke.co.jp_2d3337313238383832353636@resource.calendar.google.com",
     "displayName": "RemoteLock配信テスト",
     "self": true,
     "resource": true,
     "responseStatus": "accepted"
    }
   ],
   "extendedProperties": {
    "shared": {
     "eventType": "none"
    }
   },
   "hangoutLink": "https://plus.google.com/hangouts/_/kke.co.jp/miyake?hceid=bWl5YWtlQGtrZS5jby5qcA.hen63rmuc65g92rh726852v2s8",
   "guestsCanModify": true,
   "reminders": {
    "useDefault": true
   }
  }
 ]
}

2017/07/26 19:14:27,802 [INFO ] jp.co.kke.Lockstatedemo.util.GoogleApiUtil.getCalendarEventListJson(GoogleApiUtil.java:292) url:https://www.googleapis.com/calendar/v3/calendars/kke.co.jp_2d3337313238383832353636%40resource.calendar.google.com/events?singleEvents=true&updatedMin=2017-07-26T00%3A14%3A27.742Z&orderBy=startTime&timeZone=Asia%2FTokyo
2017/07/26 19:14:27,804 [INFO ] jp.co.kke.Lockstatedemo.util.GoogleApiUtil.doApiRequest(GoogleApiUtil.java:386) doApiRequest:GET:https://www.googleapis.com/calendar/v3/calendars/kke.co.jp_2d3337313238383832353636%40resource.calendar.google.com/events?singleEvents=true&updatedMin=2017-07-26T00%3A14%3A27.742Z&orderBy=startTime&timeZone=Asia%2FTokyo
2017/07/26 19:14:29,069 [INFO ] jp.co.kke.Lockstatedemo.util.GoogleApiUtil.getCalendarEventListJson(GoogleApiUtil.java:292) url:https://www.googleapis.com/calendar/v3/calendars/kke.co.jp_2d3337313238383832353636%40resource.calendar.google.com/events?singleEvents=true&updatedMin=2017-07-26T00%3A14%3A29.069Z&orderBy=startTime&timeZone=Asia%2FTokyo
2017/07/26 19:14:29,069 [INFO ] jp.co.kke.Lockstatedemo.util.GoogleApiUtil.doApiRequest(GoogleApiUtil.java:386) doApiRequest:GET:https://www.googleapis.com/calendar/v3/calendars/kke.co.jp_2d3337313238383832353636%40resource.calendar.google.com/events?singleEvents=true&updatedMin=2017-07-26T00%3A14%3A29.069Z&orderBy=startTime&timeZone=Asia%2FTokyo
2017/07/26 19:14:29,477 [INFO ] jp.co.kke.Lockstatedemo.util.GoogleApiUtil.getCalendarEventList(GoogleApiUtil.java:308) getCalendarEventList:{
 "kind": "calendar#events",
 "etag": "\"p33481ff3oijda0g\"",
 "summary": "RemoteLock配信テスト",
 "updated": "2017-07-26T08:33:12.573Z",
 "timeZone": "Asia/Tokyo",
 "accessRole": "reader",
 "defaultReminders": [],
 "items": [
  {
   "kind": "calendar#event",
   "etag": "\"3002115984940000\"",
   "id": "hen63rmuc65g92rh726852v2s8",
   "status": "confirmed",
   "htmlLink": "https://www.google.com/calendar/event?eid=aGVuNjNybXVjNjVnOTJyaDcyNjg1MnYyczgga2tlLmNvLmpwXzJkMzMzNzMxMzIzODM4MzgzMjM1MzYzNkByZXNvdXJjZS5jYWxlbmRhci5nb29nbGUuY29t&ctz=Asia/Tokyo",
   "created": "2017-07-26T08:33:11.000Z",
   "updated": "2017-07-26T08:33:12.470Z",
   "summary": "test",
   "location": "RemoteLock配信テスト",
   "creator": {
    "email": "miyake@kke.co.jp"
   },
   "organizer": {
    "email": "miyake@kke.co.jp"
   },
   "start": {
    "dateTime": "2017-07-26T18:00:00+09:00",
    "timeZone": "Asia/Tokyo"
   },
   "end": {
    "dateTime": "2017-07-26T19:00:00+09:00",
    "timeZone": "Asia/Tokyo"
   },
   "iCalUID": "hen63rmuc65g92rh726852v2s8@google.com",
   "sequence": 0,
   "attendees": [
    {
     "email": "miyake@kke.co.jp",
     "organizer": true,
     "responseStatus": "accepted"
    },
    {
     "email": "kke.co.jp_2d3337313238383832353636@resource.calendar.google.com",
     "displayName": "RemoteLock配信テスト",
     "self": true,
     "resource": true,
     "responseStatus": "accepted"
    }
   ],
   "extendedProperties": {
    "shared": {
     "eventType": "none"
    }
   },
   "hangoutLink": "https://plus.google.com/hangouts/_/kke.co.jp/miyake?hceid=bWl5YWtlQGtrZS5jby5qcA.hen63rmuc65g92rh726852v2s8",
   "guestsCanModify": true,
   "reminders": {
    "useDefault": true
   }
  }
 ]
}

2017/07/26 19:15:10,504 [INFO ] jp.co.kke.Lockstatedemo.util.GoogleApiUtil.getCalendarEventListJson(GoogleApiUtil.java:292) url:https://www.googleapis.com/calendar/v3/calendars/kke.co.jp_2d3337313238383832353636%40resource.calendar.google.com/events?singleEvents=true&updatedMin=2017-07-26T00%3A15%3A10.438Z&orderBy=startTime&timeZone=Asia%2FTokyo
2017/07/26 19:15:10,508 [INFO ] jp.co.kke.Lockstatedemo.util.GoogleApiUtil.doApiRequest(GoogleApiUtil.java:386) doApiRequest:GET:https://www.googleapis.com/calendar/v3/calendars/kke.co.jp_2d3337313238383832353636%40resource.calendar.google.com/events?singleEvents=true&updatedMin=2017-07-26T00%3A15%3A10.438Z&orderBy=startTime&timeZone=Asia%2FTokyo
2017/07/26 19:15:12,081 [INFO ] jp.co.kke.Lockstatedemo.util.GoogleApiUtil.getCalendarEventListJson(GoogleApiUtil.java:292) url:https://www.googleapis.com/calendar/v3/calendars/kke.co.jp_2d3337313238383832353636%40resource.calendar.google.com/events?singleEvents=true&updatedMin=2017-07-26T00%3A15%3A12.081Z&orderBy=startTime&timeZone=Asia%2FTokyo
2017/07/26 19:15:12,081 [INFO ] jp.co.kke.Lockstatedemo.util.GoogleApiUtil.doApiRequest(GoogleApiUtil.java:386) doApiRequest:GET:https://www.googleapis.com/calendar/v3/calendars/kke.co.jp_2d3337313238383832353636%40resource.calendar.google.com/events?singleEvents=true&updatedMin=2017-07-26T00%3A15%3A12.081Z&orderBy=startTime&timeZone=Asia%2FTokyo
2017/07/26 19:15:12,403 [INFO ] jp.co.kke.Lockstatedemo.util.GoogleApiUtil.getCalendarEventList(GoogleApiUtil.java:308) getCalendarEventList:{
 "kind": "calendar#events",
 "etag": "\"p33481ff3oijda0g\"",
 "summary": "RemoteLock配信テスト",
 "updated": "2017-07-26T08:33:12.573Z",
 "timeZone": "Asia/Tokyo",
 "accessRole": "reader",
 "defaultReminders": [],
 "items": [
  {
   "kind": "calendar#event",
   "etag": "\"3002115984940000\"",
   "id": "hen63rmuc65g92rh726852v2s8",
   "status": "confirmed",
   "htmlLink": "https://www.google.com/calendar/event?eid=aGVuNjNybXVjNjVnOTJyaDcyNjg1MnYyczgga2tlLmNvLmpwXzJkMzMzNzMxMzIzODM4MzgzMjM1MzYzNkByZXNvdXJjZS5jYWxlbmRhci5nb29nbGUuY29t&ctz=Asia/Tokyo",
   "created": "2017-07-26T08:33:11.000Z",
   "updated": "2017-07-26T08:33:12.470Z",
   "summary": "test",
   "location": "RemoteLock配信テスト",
   "creator": {
    "email": "miyake@kke.co.jp"
   },
   "organizer": {
    "email": "miyake@kke.co.jp"
   },
   "start": {
    "dateTime": "2017-07-26T18:00:00+09:00",
    "timeZone": "Asia/Tokyo"
   },
   "end": {
    "dateTime": "2017-07-26T19:00:00+09:00",
    "timeZone": "Asia/Tokyo"
   },
   "iCalUID": "hen63rmuc65g92rh726852v2s8@google.com",
   "sequence": 0,
   "attendees": [
    {
     "email": "miyake@kke.co.jp",
     "organizer": true,
     "responseStatus": "accepted"
    },
    {
     "email": "kke.co.jp_2d3337313238383832353636@resource.calendar.google.com",
     "displayName": "RemoteLock配信テスト",
     "self": true,
     "resource": true,
     "responseStatus": "accepted"
    }
   ],
   "extendedProperties": {
    "shared": {
     "eventType": "none"
    }
   },
   "hangoutLink": "https://plus.google.com/hangouts/_/kke.co.jp/miyake?hceid=bWl5YWtlQGtrZS5jby5qcA.hen63rmuc65g92rh726852v2s8",
   "guestsCanModify": true,
   "reminders": {
    "useDefault": true
   }
  }
 ]
}

2017/07/26 19:15:58,313 [INFO ] jp.co.kke.Lockstatedemo.util.GoogleApiUtil.getCalendarEventListJson(GoogleApiUtil.java:292) url:https://www.googleapis.com/calendar/v3/calendars/kke.co.jp_2d3337313238383832353636%40resource.calendar.google.com/events?singleEvents=true&updatedMin=2017-07-26T00%3A15%3A58.253Z&orderBy=startTime&timeZone=Asia%2FTokyo
2017/07/26 19:15:58,317 [INFO ] jp.co.kke.Lockstatedemo.util.GoogleApiUtil.doApiRequest(GoogleApiUtil.java:386) doApiRequest:GET:https://www.googleapis.com/calendar/v3/calendars/kke.co.jp_2d3337313238383832353636%40resource.calendar.google.com/events?singleEvents=true&updatedMin=2017-07-26T00%3A15%3A58.253Z&orderBy=startTime&timeZone=Asia%2FTokyo
2017/07/26 19:16:00,039 [INFO ] jp.co.kke.Lockstatedemo.util.GoogleApiUtil.getCalendarEventListJson(GoogleApiUtil.java:292) url:https://www.googleapis.com/calendar/v3/calendars/kke.co.jp_2d3337313238383832353636%40resource.calendar.google.com/events?singleEvents=true&updatedMin=2017-07-26T00%3A16%3A00.039Z&orderBy=startTime&timeZone=Asia%2FTokyo
2017/07/26 19:16:00,039 [INFO ] jp.co.kke.Lockstatedemo.util.GoogleApiUtil.doApiRequest(GoogleApiUtil.java:386) doApiRequest:GET:https://www.googleapis.com/calendar/v3/calendars/kke.co.jp_2d3337313238383832353636%40resource.calendar.google.com/events?singleEvents=true&updatedMin=2017-07-26T00%3A16%3A00.039Z&orderBy=startTime&timeZone=Asia%2FTokyo
2017/07/26 19:16:00,338 [INFO ] jp.co.kke.Lockstatedemo.util.GoogleApiUtil.getCalendarEventList(GoogleApiUtil.java:308) getCalendarEventList:{
 "kind": "calendar#events",
 "etag": "\"p33481ff3oijda0g\"",
 "summary": "RemoteLock配信テスト",
 "updated": "2017-07-26T08:33:12.573Z",
 "timeZone": "Asia/Tokyo",
 "accessRole": "reader",
 "defaultReminders": [],
 "items": [
  {
   "kind": "calendar#event",
   "etag": "\"3002115984940000\"",
   "id": "hen63rmuc65g92rh726852v2s8",
   "status": "confirmed",
   "htmlLink": "https://www.google.com/calendar/event?eid=aGVuNjNybXVjNjVnOTJyaDcyNjg1MnYyczgga2tlLmNvLmpwXzJkMzMzNzMxMzIzODM4MzgzMjM1MzYzNkByZXNvdXJjZS5jYWxlbmRhci5nb29nbGUuY29t&ctz=Asia/Tokyo",
   "created": "2017-07-26T08:33:11.000Z",
   "updated": "2017-07-26T08:33:12.470Z",
   "summary": "test",
   "location": "RemoteLock配信テスト",
   "creator": {
    "email": "miyake@kke.co.jp"
   },
   "organizer": {
    "email": "miyake@kke.co.jp"
   },
   "start": {
    "dateTime": "2017-07-26T18:00:00+09:00",
    "timeZone": "Asia/Tokyo"
   },
   "end": {
    "dateTime": "2017-07-26T19:00:00+09:00",
    "timeZone": "Asia/Tokyo"
   },
   "iCalUID": "hen63rmuc65g92rh726852v2s8@google.com",
   "sequence": 0,
   "attendees": [
    {
     "email": "miyake@kke.co.jp",
     "organizer": true,
     "responseStatus": "accepted"
    },
    {
     "email": "kke.co.jp_2d3337313238383832353636@resource.calendar.google.com",
     "displayName": "RemoteLock配信テスト",
     "self": true,
     "resource": true,
     "responseStatus": "accepted"
    }
   ],
   "extendedProperties": {
    "shared": {
     "eventType": "none"
    }
   },
   "hangoutLink": "https://plus.google.com/hangouts/_/kke.co.jp/miyake?hceid=bWl5YWtlQGtrZS5jby5qcA.hen63rmuc65g92rh726852v2s8",
   "guestsCanModify": true,
   "reminders": {
    "useDefault": true
   }
  }
 ]
}

2017/07/26 19:16:34,047 [INFO ] jp.co.kke.Lockstatedemo.util.GoogleApiUtil.getCalendarEventListJson(GoogleApiUtil.java:292) url:https://www.googleapis.com/calendar/v3/calendars/kke.co.jp_2d3337313238383832353636%40resource.calendar.google.com/events?singleEvents=true&updatedMin=2017-07-26T00%3A16%3A33.990Z&orderBy=startTime&timeZone=Asia%2FTokyo
2017/07/26 19:16:34,051 [INFO ] jp.co.kke.Lockstatedemo.util.GoogleApiUtil.doApiRequest(GoogleApiUtil.java:386) doApiRequest:GET:https://www.googleapis.com/calendar/v3/calendars/kke.co.jp_2d3337313238383832353636%40resource.calendar.google.com/events?singleEvents=true&updatedMin=2017-07-26T00%3A16%3A33.990Z&orderBy=startTime&timeZone=Asia%2FTokyo
2017/07/26 19:16:35,557 [INFO ] jp.co.kke.Lockstatedemo.util.GoogleApiUtil.getCalendarEventListJson(GoogleApiUtil.java:292) url:https://www.googleapis.com/calendar/v3/calendars/kke.co.jp_2d3337313238383832353636%40resource.calendar.google.com/events?singleEvents=true&updatedMin=2017-07-26T00%3A16%3A35.557Z&orderBy=startTime&timeZone=Asia%2FTokyo
2017/07/26 19:16:35,557 [INFO ] jp.co.kke.Lockstatedemo.util.GoogleApiUtil.doApiRequest(GoogleApiUtil.java:386) doApiRequest:GET:https://www.googleapis.com/calendar/v3/calendars/kke.co.jp_2d3337313238383832353636%40resource.calendar.google.com/events?singleEvents=true&updatedMin=2017-07-26T00%3A16%3A35.557Z&orderBy=startTime&timeZone=Asia%2FTokyo
2017/07/26 19:16:35,876 [INFO ] jp.co.kke.Lockstatedemo.util.GoogleApiUtil.getCalendarEventList(GoogleApiUtil.java:308) getCalendarEventList:{
 "kind": "calendar#events",
 "etag": "\"p33481ff3oijda0g\"",
 "summary": "RemoteLock配信テスト",
 "updated": "2017-07-26T08:33:12.573Z",
 "timeZone": "Asia/Tokyo",
 "accessRole": "reader",
 "defaultReminders": [],
 "items": [
  {
   "kind": "calendar#event",
   "etag": "\"3002115984940000\"",
   "id": "hen63rmuc65g92rh726852v2s8",
   "status": "confirmed",
   "htmlLink": "https://www.google.com/calendar/event?eid=aGVuNjNybXVjNjVnOTJyaDcyNjg1MnYyczgga2tlLmNvLmpwXzJkMzMzNzMxMzIzODM4MzgzMjM1MzYzNkByZXNvdXJjZS5jYWxlbmRhci5nb29nbGUuY29t&ctz=Asia/Tokyo",
   "created": "2017-07-26T08:33:11.000Z",
   "updated": "2017-07-26T08:33:12.470Z",
   "summary": "test",
   "location": "RemoteLock配信テスト",
   "creator": {
    "email": "miyake@kke.co.jp"
   },
   "organizer": {
    "email": "miyake@kke.co.jp"
   },
   "start": {
    "dateTime": "2017-07-26T18:00:00+09:00",
    "timeZone": "Asia/Tokyo"
   },
   "end": {
    "dateTime": "2017-07-26T19:00:00+09:00",
    "timeZone": "Asia/Tokyo"
   },
   "iCalUID": "hen63rmuc65g92rh726852v2s8@google.com",
   "sequence": 0,
   "attendees": [
    {
     "email": "miyake@kke.co.jp",
     "organizer": true,
     "responseStatus": "accepted"
    },
    {
     "email": "kke.co.jp_2d3337313238383832353636@resource.calendar.google.com",
     "displayName": "RemoteLock配信テスト",
     "self": true,
     "resource": true,
     "responseStatus": "accepted"
    }
   ],
   "extendedProperties": {
    "shared": {
     "eventType": "none"
    }
   },
   "hangoutLink": "https://plus.google.com/hangouts/_/kke.co.jp/miyake?hceid=bWl5YWtlQGtrZS5jby5qcA.hen63rmuc65g92rh726852v2s8",
   "guestsCanModify": true,
   "reminders": {
    "useDefault": true
   }
  }
 ]
}

2017/07/26 19:18:52,750 [INFO ] jp.co.kke.Lockstatedemo.util.GoogleApiUtil.getCalendarEventListJson(GoogleApiUtil.java:292) url:https://www.googleapis.com/calendar/v3/calendars/kke.co.jp_2d3337313238383832353636%40resource.calendar.google.com/events?singleEvents=true&updatedMin=2017-07-26T00%3A18%3A52.691Z&orderBy=startTime&timeZone=Asia%2FTokyo
2017/07/26 19:18:52,752 [INFO ] jp.co.kke.Lockstatedemo.util.GoogleApiUtil.doApiRequest(GoogleApiUtil.java:386) doApiRequest:GET:https://www.googleapis.com/calendar/v3/calendars/kke.co.jp_2d3337313238383832353636%40resource.calendar.google.com/events?singleEvents=true&updatedMin=2017-07-26T00%3A18%3A52.691Z&orderBy=startTime&timeZone=Asia%2FTokyo
2017/07/26 19:18:54,150 [INFO ] jp.co.kke.Lockstatedemo.util.GoogleApiUtil.getCalendarEventListJson(GoogleApiUtil.java:292) url:https://www.googleapis.com/calendar/v3/calendars/kke.co.jp_2d3337313238383832353636%40resource.calendar.google.com/events?singleEvents=true&updatedMin=2017-07-26T00%3A18%3A54.150Z&orderBy=startTime&timeZone=Asia%2FTokyo
2017/07/26 19:18:54,150 [INFO ] jp.co.kke.Lockstatedemo.util.GoogleApiUtil.doApiRequest(GoogleApiUtil.java:386) doApiRequest:GET:https://www.googleapis.com/calendar/v3/calendars/kke.co.jp_2d3337313238383832353636%40resource.calendar.google.com/events?singleEvents=true&updatedMin=2017-07-26T00%3A18%3A54.150Z&orderBy=startTime&timeZone=Asia%2FTokyo
2017/07/26 19:18:54,455 [INFO ] jp.co.kke.Lockstatedemo.util.GoogleApiUtil.getCalendarEventList(GoogleApiUtil.java:308) getCalendarEventList:{
 "kind": "calendar#events",
 "etag": "\"p33481ff3oijda0g\"",
 "summary": "RemoteLock配信テスト",
 "updated": "2017-07-26T08:33:12.573Z",
 "timeZone": "Asia/Tokyo",
 "accessRole": "reader",
 "defaultReminders": [],
 "items": [
  {
   "kind": "calendar#event",
   "etag": "\"3002115984940000\"",
   "id": "hen63rmuc65g92rh726852v2s8",
   "status": "confirmed",
   "htmlLink": "https://www.google.com/calendar/event?eid=aGVuNjNybXVjNjVnOTJyaDcyNjg1MnYyczgga2tlLmNvLmpwXzJkMzMzNzMxMzIzODM4MzgzMjM1MzYzNkByZXNvdXJjZS5jYWxlbmRhci5nb29nbGUuY29t&ctz=Asia/Tokyo",
   "created": "2017-07-26T08:33:11.000Z",
   "updated": "2017-07-26T08:33:12.470Z",
   "summary": "test",
   "location": "RemoteLock配信テスト",
   "creator": {
    "email": "miyake@kke.co.jp"
   },
   "organizer": {
    "email": "miyake@kke.co.jp"
   },
   "start": {
    "dateTime": "2017-07-26T18:00:00+09:00",
    "timeZone": "Asia/Tokyo"
   },
   "end": {
    "dateTime": "2017-07-26T19:00:00+09:00",
    "timeZone": "Asia/Tokyo"
   },
   "iCalUID": "hen63rmuc65g92rh726852v2s8@google.com",
   "sequence": 0,
   "attendees": [
    {
     "email": "miyake@kke.co.jp",
     "organizer": true,
     "responseStatus": "accepted"
    },
    {
     "email": "kke.co.jp_2d3337313238383832353636@resource.calendar.google.com",
     "displayName": "RemoteLock配信テスト",
     "self": true,
     "resource": true,
     "responseStatus": "accepted"
    }
   ],
   "extendedProperties": {
    "shared": {
     "eventType": "none"
    }
   },
   "hangoutLink": "https://plus.google.com/hangouts/_/kke.co.jp/miyake?hceid=bWl5YWtlQGtrZS5jby5qcA.hen63rmuc65g92rh726852v2s8",
   "guestsCanModify": true,
   "reminders": {
    "useDefault": true
   }
  }
 ]
}

